[36m2019-01-06 21:43:34.703 CST [viperutil] getKeysRecursively -> DEBU 001[0m Found map[string]interface{} value for peer.BCCSP
[36m2019-01-06 21:43:34.703 CST [viperutil] getKeysRecursively -> DEBU 002[0m Found map[string]interface{} value for peer.BCCSP.PKCS11
[36m2019-01-06 21:43:34.703 CST [viperutil] unmarshalJSON -> DEBU 003[0m Unmarshal JSON: value is not a string: <nil>
[36m2019-01-06 21:43:34.704 CST [viperutil] getKeysRecursively -> DEBU 004[0m Found real value for peer.BCCSP.PKCS11.Label setting to <nil> <nil>
[36m2019-01-06 21:43:34.704 CST [viperutil] unmarshalJSON -> DEBU 005[0m Unmarshal JSON: value is not a string: <nil>
[36m2019-01-06 21:43:34.704 CST [viperutil] getKeysRecursively -> DEBU 006[0m Found real value for peer.BCCSP.PKCS11.Pin setting to <nil> <nil>
[36m2019-01-06 21:43:34.704 CST [viperutil] unmarshalJSON -> DEBU 007[0m Unmarshal JSON: value is not a string: <nil>
[36m2019-01-06 21:43:34.704 CST [viperutil] getKeysRecursively -> DEBU 008[0m Found real value for peer.BCCSP.PKCS11.Hash setting to <nil> <nil>
[36m2019-01-06 21:43:34.704 CST [viperutil] unmarshalJSON -> DEBU 009[0m Unmarshal JSON: value is not a string: <nil>
[36m2019-01-06 21:43:34.704 CST [viperutil] getKeysRecursively -> DEBU 00a[0m Found real value for peer.BCCSP.PKCS11.Security setting to <nil> <nil>
[36m2019-01-06 21:43:34.704 CST [viperutil] getKeysRecursively -> DEBU 00b[0m Found map[string]interface{} value for peer.BCCSP.PKCS11.FileKeyStore
[36m2019-01-06 21:43:34.704 CST [viperutil] unmarshalJSON -> DEBU 00c[0m Unmarshal JSON: value is not a string: <nil>
[36m2019-01-06 21:43:34.704 CST [viperutil] getKeysRecursively -> DEBU 00d[0m Found real value for peer.BCCSP.PKCS11.FileKeyStore.KeyStore setting to <nil> <nil>
[36m2019-01-06 21:43:34.705 CST [viperutil] unmarshalJSON -> DEBU 00e[0m Unmarshal JSON: value is not a string: <nil>
[36m2019-01-06 21:43:34.705 CST [viperutil] getKeysRecursively -> DEBU 00f[0m Found real value for peer.BCCSP.PKCS11.Library setting to <nil> <nil>
[36m2019-01-06 21:43:34.705 CST [viperutil] unmarshalJSON -> DEBU 010[0m Unmarshal JSON: value cannot be unmarshalled: invalid character 'S' looking for beginning of value
[36m2019-01-06 21:43:34.705 CST [viperutil] getKeysRecursively -> DEBU 011[0m Found real value for peer.BCCSP.Default setting to string SW
[36m2019-01-06 21:43:34.705 CST [viperutil] getKeysRecursively -> DEBU 012[0m Found map[string]interface{} value for peer.BCCSP.SW
[36m2019-01-06 21:43:34.705 CST [viperutil] getKeysRecursively -> DEBU 013[0m Found map[string]interface{} value for peer.BCCSP.SW.FileKeyStore
[36m2019-01-06 21:43:34.705 CST [viperutil] unmarshalJSON -> DEBU 014[0m Unmarshal JSON: value cannot be unmarshalled: unexpected end of JSON input
[36m2019-01-06 21:43:34.705 CST [viperutil] getKeysRecursively -> DEBU 015[0m Found real value for peer.BCCSP.SW.FileKeyStore.KeyStore setting to string 
[36m2019-01-06 21:43:34.705 CST [viperutil] unmarshalJSON -> DEBU 016[0m Unmarshal JSON: value cannot be unmarshalled: invalid character 'S' looking for beginning of value
[36m2019-01-06 21:43:34.705 CST [viperutil] getKeysRecursively -> DEBU 017[0m Found real value for peer.BCCSP.SW.Hash setting to string SHA2
[36m2019-01-06 21:43:34.705 CST [viperutil] unmarshalJSON -> DEBU 018[0m Unmarshal JSON: value is not a string: 256
[36m2019-01-06 21:43:34.705 CST [viperutil] getKeysRecursively -> DEBU 019[0m Found real value for peer.BCCSP.SW.Security setting to int 256
[36m2019-01-06 21:43:34.705 CST [viperutil] EnhancedExactUnmarshalKey -> DEBU 01a[0m map[peer.BCCSP:map[PKCS11:map[Label:<nil> Pin:<nil> Hash:<nil> Security:<nil> FileKeyStore:map[KeyStore:<nil>] Library:<nil>] Default:SW SW:map[Security:256 FileKeyStore:map[KeyStore:] Hash:SHA2]]]
[36m2019-01-06 21:43:34.705 CST [bccsp_sw] openKeyStore -> DEBU 01b[0m KeyStore opened at [/home/liuyang/hyperledger/fabricconfig/crypto-config/peerOrganizations/org1.qklszzn.com/peers/peer0.org1.qklszzn.com/msp/keystore]...done
[36m2019-01-06 21:43:34.705 CST [bccsp] initBCCSP -> DEBU 01c[0m Initialize BCCSP [SW]
[36m2019-01-06 21:43:34.705 CST [msp] getPemMaterialFromDir -> DEBU 01d[0m Reading directory /home/liuyang/hyperledger/fabricconfig/crypto-config/peerOrganizations/org1.qklszzn.com/peers/peer0.org1.qklszzn.com/msp/signcerts
[36m2019-01-06 21:43:34.705 CST [msp] getPemMaterialFromDir -> DEBU 01e[0m Inspecting file /home/liuyang/hyperledger/fabricconfig/crypto-config/peerOrganizations/org1.qklszzn.com/peers/peer0.org1.qklszzn.com/msp/signcerts/peer0.org1.qklszzn.com-cert.pem
[36m2019-01-06 21:43:34.705 CST [msp] getPemMaterialFromDir -> DEBU 01f[0m Reading directory /home/liuyang/hyperledger/fabricconfig/crypto-config/peerOrganizations/org1.qklszzn.com/peers/peer0.org1.qklszzn.com/msp/cacerts
[36m2019-01-06 21:43:34.706 CST [msp] getPemMaterialFromDir -> DEBU 020[0m Inspecting file /home/liuyang/hyperledger/fabricconfig/crypto-config/peerOrganizations/org1.qklszzn.com/peers/peer0.org1.qklszzn.com/msp/cacerts/ca.org1.qklszzn.com-cert.pem
[36m2019-01-06 21:43:34.706 CST [msp] getPemMaterialFromDir -> DEBU 021[0m Reading directory /home/liuyang/hyperledger/fabricconfig/crypto-config/peerOrganizations/org1.qklszzn.com/peers/peer0.org1.qklszzn.com/msp/admincerts
[36m2019-01-06 21:43:34.706 CST [msp] getPemMaterialFromDir -> DEBU 022[0m Inspecting file /home/liuyang/hyperledger/fabricconfig/crypto-config/peerOrganizations/org1.qklszzn.com/peers/peer0.org1.qklszzn.com/msp/admincerts/Admin@org1.qklszzn.com-cert.pem
[36m2019-01-06 21:43:34.706 CST [msp] getPemMaterialFromDir -> DEBU 023[0m Reading directory /home/liuyang/hyperledger/fabricconfig/crypto-config/peerOrganizations/org1.qklszzn.com/peers/peer0.org1.qklszzn.com/msp/intermediatecerts
[36m2019-01-06 21:43:34.706 CST [msp] getMspConfig -> DEBU 024[0m Intermediate certs folder not found at [/home/liuyang/hyperledger/fabricconfig/crypto-config/peerOrganizations/org1.qklszzn.com/peers/peer0.org1.qklszzn.com/msp/intermediatecerts]. Skipping. [stat /home/liuyang/hyperledger/fabricconfig/crypto-config/peerOrganizations/org1.qklszzn.com/peers/peer0.org1.qklszzn.com/msp/intermediatecerts: no such file or directory]
[36m2019-01-06 21:43:34.706 CST [msp] getPemMaterialFromDir -> DEBU 025[0m Reading directory /home/liuyang/hyperledger/fabricconfig/crypto-config/peerOrganizations/org1.qklszzn.com/peers/peer0.org1.qklszzn.com/msp/tlscacerts
[36m2019-01-06 21:43:34.706 CST [msp] getPemMaterialFromDir -> DEBU 026[0m Inspecting file /home/liuyang/hyperledger/fabricconfig/crypto-config/peerOrganizations/org1.qklszzn.com/peers/peer0.org1.qklszzn.com/msp/tlscacerts/tlsca.org1.qklszzn.com-cert.pem
[36m2019-01-06 21:43:34.706 CST [msp] getPemMaterialFromDir -> DEBU 027[0m Reading directory /home/liuyang/hyperledger/fabricconfig/crypto-config/peerOrganizations/org1.qklszzn.com/peers/peer0.org1.qklszzn.com/msp/tlsintermediatecerts
[36m2019-01-06 21:43:34.706 CST [msp] getMspConfig -> DEBU 028[0m TLS intermediate certs folder not found at [/home/liuyang/hyperledger/fabricconfig/crypto-config/peerOrganizations/org1.qklszzn.com/peers/peer0.org1.qklszzn.com/msp/tlsintermediatecerts]. Skipping. [stat /home/liuyang/hyperledger/fabricconfig/crypto-config/peerOrganizations/org1.qklszzn.com/peers/peer0.org1.qklszzn.com/msp/tlsintermediatecerts: no such file or directory]
[36m2019-01-06 21:43:34.706 CST [msp] getPemMaterialFromDir -> DEBU 029[0m Reading directory /home/liuyang/hyperledger/fabricconfig/crypto-config/peerOrganizations/org1.qklszzn.com/peers/peer0.org1.qklszzn.com/msp/crls
[36m2019-01-06 21:43:34.706 CST [msp] getMspConfig -> DEBU 02a[0m crls folder not found at [/home/liuyang/hyperledger/fabricconfig/crypto-config/peerOrganizations/org1.qklszzn.com/peers/peer0.org1.qklszzn.com/msp/crls]. Skipping. [stat /home/liuyang/hyperledger/fabricconfig/crypto-config/peerOrganizations/org1.qklszzn.com/peers/peer0.org1.qklszzn.com/msp/crls: no such file or directory]
[36m2019-01-06 21:43:34.706 CST [msp] getMspConfig -> DEBU 02b[0m MSP configuration file not found at [/home/liuyang/hyperledger/fabricconfig/crypto-config/peerOrganizations/org1.qklszzn.com/peers/peer0.org1.qklszzn.com/msp/config.yaml]: [stat /home/liuyang/hyperledger/fabricconfig/crypto-config/peerOrganizations/org1.qklszzn.com/peers/peer0.org1.qklszzn.com/msp/config.yaml: no such file or directory]
[36m2019-01-06 21:43:34.706 CST [msp] newBccspMsp -> DEBU 02c[0m Creating BCCSP-based MSP instance
[36m2019-01-06 21:43:34.706 CST [msp] New -> DEBU 02d[0m Creating Cache-MSP instance
[36m2019-01-06 21:43:34.706 CST [msp] loadLocaMSP -> DEBU 02e[0m Created new local MSP
[36m2019-01-06 21:43:34.706 CST [msp] Setup -> DEBU 02f[0m Setting up MSP instance Org1MSP
[36m2019-01-06 21:43:34.706 CST [msp/identity] newIdentity -> DEBU 030[0m Creating identity instance for cert -----BEGIN CERTIFICATE-----
MIICQzCCAeqgAwIBAgIRAN2Sc+BpgaPbiJJa8TSvM8owCgYIKoZIzj0EAwIwczEL
MAkGA1UEBhMCVVMxEzARBgNVBAgTCkNhbGlmb3JuaWExFjAUBgNVBAcTDVNhbiBG
cmFuY2lzY28xGTAXBgNVBAoTEG9yZzEucWtsc3p6bi5jb20xHDAaBgNVBAMTE2Nh
Lm9yZzEucWtsc3p6bi5jb20wHhcNMTkwMTAyMTQwODQ3WhcNMjgxMjMwMTQwODQ3
WjBzMQswCQYDVQQGEwJVUzETMBEGA1UECBMKQ2FsaWZvcm5pYTEWMBQGA1UEBxMN
U2FuIEZyYW5jaXNjbzEZMBcGA1UEChMQb3JnMS5xa2xzenpuLmNvbTEcMBoGA1UE
AxMTY2Eub3JnMS5xa2xzenpuLmNvbTBZMBMGByqGSM49AgEGCCqGSM49AwEHA0IA
BAIEd54bL00LLZhBPJJNSaGvdqXNuwjYB1wKpJiPb7G6Vhbr2hU6bulAstJeCcGc
LZV4Rl7XJD8ZDqJYPXGTWSyjXzBdMA4GA1UdDwEB/wQEAwIBpjAPBgNVHSUECDAG
BgRVHSUAMA8GA1UdEwEB/wQFMAMBAf8wKQYDVR0OBCIEIO2Qd1OZ/yZDiEEDAVax
X+lEWP+iTEOcGVGV4ATZx/liMAoGCCqGSM49BAMCA0cAMEQCIHbCTeOQa1brEm6J
ZS8qy3rzaWLq3zeOpzpLtQ8FebaqAiB5LJOYy3LN5WcBj6/9Vz6nWJNGjNoIoV8V
9K5/Yk7EMg==
-----END CERTIFICATE-----
[36m2019-01-06 21:43:34.706 CST [msp/identity] newIdentity -> DEBU 031[0m Creating identity instance for cert -----BEGIN CERTIFICATE-----
MIICGDCCAb+gAwIBAgIQcNKZ05WtIoVGJ28KxPyVcDAKBggqhkjOPQQDAjBzMQsw
CQYDVQQGEwJVUzETMBEGA1UECBMKQ2FsaWZvcm5pYTEWMBQGA1UEBxMNU2FuIEZy
YW5jaXNjbzEZMBcGA1UEChMQb3JnMS5xa2xzenpuLmNvbTEcMBoGA1UEAxMTY2Eu
b3JnMS5xa2xzenpuLmNvbTAeFw0xOTAxMDIxNDA4NDdaFw0yODEyMzAxNDA4NDda
MFsxCzAJBgNVBAYTAlVTMRMwEQYDVQQIEwpDYWxpZm9ybmlhMRYwFAYDVQQHEw1T
YW4gRnJhbmNpc2NvMR8wHQYDVQQDDBZBZG1pbkBvcmcxLnFrbHN6em4uY29tMFkw
EwYHKoZIzj0CAQYIKoZIzj0DAQcDQgAEuKdLInnT4k018UU1qRtmPTgTXwO5a6x9
IhgE228lYPoXb5KGIPgRfWnzXi4xh4fChuMREiGy69Vcw7PWgmeKY6NNMEswDgYD
VR0PAQH/BAQDAgeAMAwGA1UdEwEB/wQCMAAwKwYDVR0jBCQwIoAg7ZB3U5n/JkOI
QQMBVrFf6URY/6JMQ5wZUZXgBNnH+WIwCgYIKoZIzj0EAwIDRwAwRAIgSEoMXMix
4KBxovjeinGzdUvF0Qw7sPYULPK3SZs9MEACIBf5NDmc2vsJmgAzWNpH4vousjAO
yZJzIz1p/hvevYO2
-----END CERTIFICATE-----
[36m2019-01-06 21:43:34.716 CST [msp/identity] newIdentity -> DEBU 032[0m Creating identity instance for cert -----BEGIN CERTIFICATE-----
MIICGjCCAcCgAwIBAgIRAInrUoz6AJGLrEb7XWlfWNcwCgYIKoZIzj0EAwIwczEL
MAkGA1UEBhMCVVMxEzARBgNVBAgTCkNhbGlmb3JuaWExFjAUBgNVBAcTDVNhbiBG
cmFuY2lzY28xGTAXBgNVBAoTEG9yZzEucWtsc3p6bi5jb20xHDAaBgNVBAMTE2Nh
Lm9yZzEucWtsc3p6bi5jb20wHhcNMTkwMTAyMTQwODQ3WhcNMjgxMjMwMTQwODQ3
WjBbMQswCQYDVQQGEwJVUzETMBEGA1UECBMKQ2FsaWZvcm5pYTEWMBQGA1UEBxMN
U2FuIEZyYW5jaXNjbzEfMB0GA1UEAxMWcGVlcjAub3JnMS5xa2xzenpuLmNvbTBZ
MBMGByqGSM49AgEGCCqGSM49AwEHA0IABLG2e7QuZu6/SfbtSHvCJhzqkmkCCtcN
d66PdonVWuQiI7gsmfP92GkGgUNh+MxDNuFDFoFCqzb9K0SdicHvA9CjTTBLMA4G
A1UdDwEB/wQEAwIHgDAMBgNVHRMBAf8EAjAAMCsGA1UdIwQkMCKAIO2Qd1OZ/yZD
iEEDAVaxX+lEWP+iTEOcGVGV4ATZx/liMAoGCCqGSM49BAMCA0gAMEUCIQDay9+m
Syu5rmXa6HfaTk5V9Pr+IpT8SKoyqnFXHM4NbwIgLWvd3ED4pvBqfv0KIo67FrRU
Hv/ArE9sPfMvbwD24FA=
-----END CERTIFICATE-----
[36m2019-01-06 21:43:34.717 CST [bccsp_sw] loadPrivateKey -> DEBU 033[0m Loading private key [5d0adfa5065e8dcf7e9addc0edca1ec64ccceb244f020060cf7dbfd68e3d460b] at [/home/liuyang/hyperledger/fabricconfig/crypto-config/peerOrganizations/org1.qklszzn.com/peers/peer0.org1.qklszzn.com/msp/keystore/5d0adfa5065e8dcf7e9addc0edca1ec64ccceb244f020060cf7dbfd68e3d460b_sk]...
[36m2019-01-06 21:43:34.717 CST [msp/identity] newIdentity -> DEBU 034[0m Creating identity instance for cert -----BEGIN CERTIFICATE-----
MIICGjCCAcCgAwIBAgIRAInrUoz6AJGLrEb7XWlfWNcwCgYIKoZIzj0EAwIwczEL
MAkGA1UEBhMCVVMxEzARBgNVBAgTCkNhbGlmb3JuaWExFjAUBgNVBAcTDVNhbiBG
cmFuY2lzY28xGTAXBgNVBAoTEG9yZzEucWtsc3p6bi5jb20xHDAaBgNVBAMTE2Nh
Lm9yZzEucWtsc3p6bi5jb20wHhcNMTkwMTAyMTQwODQ3WhcNMjgxMjMwMTQwODQ3
WjBbMQswCQYDVQQGEwJVUzETMBEGA1UECBMKQ2FsaWZvcm5pYTEWMBQGA1UEBxMN
U2FuIEZyYW5jaXNjbzEfMB0GA1UEAxMWcGVlcjAub3JnMS5xa2xzenpuLmNvbTBZ
MBMGByqGSM49AgEGCCqGSM49AwEHA0IABLG2e7QuZu6/SfbtSHvCJhzqkmkCCtcN
d66PdonVWuQiI7gsmfP92GkGgUNh+MxDNuFDFoFCqzb9K0SdicHvA9CjTTBLMA4G
A1UdDwEB/wQEAwIHgDAMBgNVHRMBAf8EAjAAMCsGA1UdIwQkMCKAIO2Qd1OZ/yZD
iEEDAVaxX+lEWP+iTEOcGVGV4ATZx/liMAoGCCqGSM49BAMCA0gAMEUCIQDay9+m
Syu5rmXa6HfaTk5V9Pr+IpT8SKoyqnFXHM4NbwIgLWvd3ED4pvBqfv0KIo67FrRU
Hv/ArE9sPfMvbwD24FA=
-----END CERTIFICATE-----
[36m2019-01-06 21:43:34.717 CST [msp] setupSigningIdentity -> DEBU 035[0m Signing identity expires at 2028-12-30 14:08:47 +0000 UTC
[36m2019-01-06 21:43:34.717 CST [msp] Validate -> DEBU 036[0m MSP Org1MSP validating identity
[36m2019-01-06 21:43:34.717 CST [flogging] setModuleLevel -> DEBU 037[0m Module 'msp/identity' logger enabled for log level 'WARNING'
[36m2019-01-06 21:43:34.717 CST [flogging] setModuleLevel -> DEBU 038[0m Module 'msp' logger enabled for log level 'WARNING'
[36m2019-01-06 21:43:34.717 CST [flogging] setModuleLevel -> DEBU 039[0m Module 'gossip/state' logger enabled for log level 'WARNING'
[36m2019-01-06 21:43:34.717 CST [flogging] setModuleLevel -> DEBU 03a[0m Module 'gossip/service' logger enabled for log level 'WARNING'
[36m2019-01-06 21:43:34.717 CST [flogging] setModuleLevel -> DEBU 03b[0m Module 'gossip/privdata' logger enabled for log level 'WARNING'
[36m2019-01-06 21:43:34.717 CST [flogging] setModuleLevel -> DEBU 03c[0m Module 'ledgermgmt' logger enabled for log level 'INFO'
[36m2019-01-06 21:43:34.717 CST [flogging] setModuleLevel -> DEBU 03d[0m Module 'ledgerstorage' logger enabled for log level 'INFO'
[36m2019-01-06 21:43:34.717 CST [flogging] setModuleLevel -> DEBU 03e[0m Module 'cauthdsl' logger enabled for log level 'WARNING'
[36m2019-01-06 21:43:34.718 CST [flogging] setModuleLevel -> DEBU 03f[0m Module 'policies' logger enabled for log level 'WARNING'
[36m2019-01-06 21:43:34.718 CST [flogging] setModuleLevel -> DEBU 040[0m Module 'policies/inquire' logger enabled for log level 'WARNING'
[36m2019-01-06 21:43:34.718 CST [flogging] setModuleLevel -> DEBU 041[0m Module 'grpc' logger enabled for log level 'ERROR'
[36m2019-01-06 21:43:34.718 CST [flogging] setModuleLevel -> DEBU 042[0m Module 'peer/gossip/mcs' logger enabled for log level 'WARNING'
[36m2019-01-06 21:43:34.718 CST [flogging] setModuleLevel -> DEBU 043[0m Module 'peer/gossip/sa' logger enabled for log level 'WARNING'
2019-01-06 21:43:34.718 CST [nodeCmd] serve -> INFO 044[0m Starting peer:
 Version: 1.2.1
 Commit SHA: 97cc9d0ee
 Go version: go1.11
 OS/Arch: linux/amd64
 Experimental features: false
 Chaincode:
  Base Image Version: 0.4.10
  Base Docker Namespace: hyperledger
  Base Docker Label: org.hyperledger.fabric
  Docker Namespace: hyperledger

2019-01-06 21:43:34.718 CST [ledgermgmt] initialize -> INFO 045[0m Initializing ledger mgmt
2019-01-06 21:43:34.718 CST [kvledger] NewProvider -> INFO 046[0m Initializing ledger provider
[36m2019-01-06 21:43:34.718 CST [kvledger.util] CreateDirIfMissing -> DEBU 047[0m CreateDirIfMissing [/home/liuyang/hyperledger/peer/production/ledgersData/ledgerProvider/]
[36m2019-01-06 21:43:34.718 CST [kvledger.util] logDirStatus -> DEBU 048[0m Before creating dir - [/home/liuyang/hyperledger/peer/production/ledgersData/ledgerProvider/] exists
[36m2019-01-06 21:43:34.718 CST [kvledger.util] logDirStatus -> DEBU 049[0m After creating dir - [/home/liuyang/hyperledger/peer/production/ledgersData/ledgerProvider/] exists
panic: Error while trying to open DB: resource temporarily unavailable

goroutine 1 [running]:
github.com/hyperledger/fabric/common/ledger/util/leveldbhelper.(*DB).Open(0xc0000bd440)
	/home/liuyang/go/src/github.com/hyperledger/fabric/common/ledger/util/leveldbhelper/leveldb_helper.go:88 +0x271
github.com/hyperledger/fabric/core/ledger/kvledger.openIDStore(0xc0004459a0, 0x44, 0x1)
	/home/liuyang/go/src/github.com/hyperledger/fabric/core/ledger/kvledger/kv_ledger_provider.go:250 +0x10e
github.com/hyperledger/fabric/core/ledger/kvledger.NewProvider(0x1379a60, 0x0, 0x0, 0x0)
	/home/liuyang/go/src/github.com/hyperledger/fabric/core/ledger/kvledger/kv_ledger_provider.go:60 +0x89
github.com/hyperledger/fabric/core/ledger/ledgermgmt.initialize(0xc00040b5f0, 0x0, 0x0, 0x0)
	/home/liuyang/go/src/github.com/hyperledger/fabric/core/ledger/ledgermgmt/ledger_mgmt.go:65 +0x250
github.com/hyperledger/fabric/core/ledger/ledgermgmt.Initialize.func1()
	/home/liuyang/go/src/github.com/hyperledger/fabric/core/ledger/ledgermgmt/ledger_mgmt.go:52 +0x3b
sync.(*Once).Do(0x2036798, 0xc0003cf5d8)
	/home/liuyang/go/src/sync/once.go:44 +0xb3
github.com/hyperledger/fabric/core/ledger/ledgermgmt.Initialize(0xc00040b5f0)
	/home/liuyang/go/src/github.com/hyperledger/fabric/core/ledger/ledgermgmt/ledger_mgmt.go:51 +0x55
github.com/hyperledger/fabric/peer/node.serve(0x20366b0, 0x0, 0x0, 0x0, 0x0)
	/home/liuyang/go/src/github.com/hyperledger/fabric/peer/node/start.go:148 +0x200
github.com/hyperledger/fabric/peer/node.glob..func1(0x1f2fa20, 0x20366b0, 0x0, 0x0, 0x0, 0x0)
	/home/liuyang/go/src/github.com/hyperledger/fabric/peer/node/start.go:111 +0x9c
github.com/hyperledger/fabric/vendor/github.com/spf13/cobra.(*Command).execute(0x1f2fa20, 0x20366b0, 0x0, 0x0, 0x1f2fa20, 0x20366b0)
	/home/liuyang/go/src/github.com/hyperledger/fabric/vendor/github.com/spf13/cobra/command.go:698 +0x47a
github.com/hyperledger/fabric/vendor/github.com/spf13/cobra.(*Command).ExecuteC(0x1f30080, 0x2018c50, 0xf, 0x2)
	/home/liuyang/go/src/github.com/hyperledger/fabric/vendor/github.com/spf13/cobra/command.go:783 +0x2dc
github.com/hyperledger/fabric/vendor/github.com/spf13/cobra.(*Command).Execute(0x1f30080, 0x2, 0xffffffffffffffff)
	/home/liuyang/go/src/github.com/hyperledger/fabric/vendor/github.com/spf13/cobra/command.go:736 +0x2b
main.main()
	/home/liuyang/go/src/github.com/hyperledger/fabric/peer/main.go:97 +0x5a7
[36m2019-01-06 22:57:50.588 CST [viperutil] getKeysRecursively -> DEBU 001[0m Found map[string]interface{} value for peer.BCCSP
[36m2019-01-06 22:57:50.589 CST [viperutil] getKeysRecursively -> DEBU 002[0m Found map[string]interface{} value for peer.BCCSP.SW
[36m2019-01-06 22:57:50.590 CST [viperutil] unmarshalJSON -> DEBU 003[0m Unmarshal JSON: value cannot be unmarshalled: invalid character 'S' looking for beginning of value
[36m2019-01-06 22:57:50.590 CST [viperutil] getKeysRecursively -> DEBU 004[0m Found real value for peer.BCCSP.SW.Hash setting to string SHA2
[36m2019-01-06 22:57:50.590 CST [viperutil] unmarshalJSON -> DEBU 005[0m Unmarshal JSON: value is not a string: 256
[36m2019-01-06 22:57:50.590 CST [viperutil] getKeysRecursively -> DEBU 006[0m Found real value for peer.BCCSP.SW.Security setting to int 256
[36m2019-01-06 22:57:50.590 CST [viperutil] getKeysRecursively -> DEBU 007[0m Found map[string]interface{} value for peer.BCCSP.SW.FileKeyStore
[36m2019-01-06 22:57:50.590 CST [viperutil] unmarshalJSON -> DEBU 008[0m Unmarshal JSON: value cannot be unmarshalled: unexpected end of JSON input
[36m2019-01-06 22:57:50.590 CST [viperutil] getKeysRecursively -> DEBU 009[0m Found real value for peer.BCCSP.SW.FileKeyStore.KeyStore setting to string 
[36m2019-01-06 22:57:50.590 CST [viperutil] getKeysRecursively -> DEBU 00a[0m Found map[string]interface{} value for peer.BCCSP.PKCS11
[36m2019-01-06 22:57:50.590 CST [viperutil] unmarshalJSON -> DEBU 00b[0m Unmarshal JSON: value is not a string: <nil>
[36m2019-01-06 22:57:50.590 CST [viperutil] getKeysRecursively -> DEBU 00c[0m Found real value for peer.BCCSP.PKCS11.Hash setting to <nil> <nil>
[36m2019-01-06 22:57:50.590 CST [viperutil] unmarshalJSON -> DEBU 00d[0m Unmarshal JSON: value is not a string: <nil>
[36m2019-01-06 22:57:50.590 CST [viperutil] getKeysRecursively -> DEBU 00e[0m Found real value for peer.BCCSP.PKCS11.Security setting to <nil> <nil>
[36m2019-01-06 22:57:50.591 CST [viperutil] getKeysRecursively -> DEBU 00f[0m Found map[string]interface{} value for peer.BCCSP.PKCS11.FileKeyStore
[36m2019-01-06 22:57:50.591 CST [viperutil] unmarshalJSON -> DEBU 010[0m Unmarshal JSON: value is not a string: <nil>
[36m2019-01-06 22:57:50.591 CST [viperutil] getKeysRecursively -> DEBU 011[0m Found real value for peer.BCCSP.PKCS11.FileKeyStore.KeyStore setting to <nil> <nil>
[36m2019-01-06 22:57:50.591 CST [viperutil] unmarshalJSON -> DEBU 012[0m Unmarshal JSON: value is not a string: <nil>
[36m2019-01-06 22:57:50.591 CST [viperutil] getKeysRecursively -> DEBU 013[0m Found real value for peer.BCCSP.PKCS11.Library setting to <nil> <nil>
[36m2019-01-06 22:57:50.591 CST [viperutil] unmarshalJSON -> DEBU 014[0m Unmarshal JSON: value is not a string: <nil>
[36m2019-01-06 22:57:50.591 CST [viperutil] getKeysRecursively -> DEBU 015[0m Found real value for peer.BCCSP.PKCS11.Label setting to <nil> <nil>
[36m2019-01-06 22:57:50.591 CST [viperutil] unmarshalJSON -> DEBU 016[0m Unmarshal JSON: value is not a string: <nil>
[36m2019-01-06 22:57:50.591 CST [viperutil] getKeysRecursively -> DEBU 017[0m Found real value for peer.BCCSP.PKCS11.Pin setting to <nil> <nil>
[36m2019-01-06 22:57:50.591 CST [viperutil] unmarshalJSON -> DEBU 018[0m Unmarshal JSON: value cannot be unmarshalled: invalid character 'S' looking for beginning of value
[36m2019-01-06 22:57:50.591 CST [viperutil] getKeysRecursively -> DEBU 019[0m Found real value for peer.BCCSP.Default setting to string SW
[36m2019-01-06 22:57:50.591 CST [viperutil] EnhancedExactUnmarshalKey -> DEBU 01a[0m map[peer.BCCSP:map[SW:map[Security:256 FileKeyStore:map[KeyStore:] Hash:SHA2] PKCS11:map[Hash:<nil> Security:<nil> FileKeyStore:map[KeyStore:<nil>] Library:<nil> Label:<nil> Pin:<nil>] Default:SW]]
[36m2019-01-06 22:57:50.592 CST [bccsp_sw] openKeyStore -> DEBU 01b[0m KeyStore opened at [/home/liuyang/hyperledger/fabricconfig/crypto-config/peerOrganizations/org1.qklszzn.com/users/Admin@org1.qklszzn.com/msp/keystore]...done
[36m2019-01-06 22:57:50.592 CST [bccsp] initBCCSP -> DEBU 01c[0m Initialize BCCSP [SW]
[36m2019-01-06 22:57:50.592 CST [msp] getPemMaterialFromDir -> DEBU 01d[0m Reading directory /home/liuyang/hyperledger/fabricconfig/crypto-config/peerOrganizations/org1.qklszzn.com/users/Admin@org1.qklszzn.com/msp/signcerts
[36m2019-01-06 22:57:50.592 CST [msp] getPemMaterialFromDir -> DEBU 01e[0m Inspecting file /home/liuyang/hyperledger/fabricconfig/crypto-config/peerOrganizations/org1.qklszzn.com/users/Admin@org1.qklszzn.com/msp/signcerts/Admin@org1.qklszzn.com-cert.pem
[36m2019-01-06 22:57:50.592 CST [msp] getPemMaterialFromDir -> DEBU 01f[0m Reading directory /home/liuyang/hyperledger/fabricconfig/crypto-config/peerOrganizations/org1.qklszzn.com/users/Admin@org1.qklszzn.com/msp/cacerts
[36m2019-01-06 22:57:50.592 CST [msp] getPemMaterialFromDir -> DEBU 020[0m Inspecting file /home/liuyang/hyperledger/fabricconfig/crypto-config/peerOrganizations/org1.qklszzn.com/users/Admin@org1.qklszzn.com/msp/cacerts/ca.org1.qklszzn.com-cert.pem
[36m2019-01-06 22:57:50.592 CST [msp] getPemMaterialFromDir -> DEBU 021[0m Reading directory /home/liuyang/hyperledger/fabricconfig/crypto-config/peerOrganizations/org1.qklszzn.com/users/Admin@org1.qklszzn.com/msp/admincerts
[36m2019-01-06 22:57:50.592 CST [msp] getPemMaterialFromDir -> DEBU 022[0m Inspecting file /home/liuyang/hyperledger/fabricconfig/crypto-config/peerOrganizations/org1.qklszzn.com/users/Admin@org1.qklszzn.com/msp/admincerts/Admin@org1.qklszzn.com-cert.pem
[36m2019-01-06 22:57:50.592 CST [msp] getPemMaterialFromDir -> DEBU 023[0m Reading directory /home/liuyang/hyperledger/fabricconfig/crypto-config/peerOrganizations/org1.qklszzn.com/users/Admin@org1.qklszzn.com/msp/intermediatecerts
[36m2019-01-06 22:57:50.592 CST [msp] getMspConfig -> DEBU 024[0m Intermediate certs folder not found at [/home/liuyang/hyperledger/fabricconfig/crypto-config/peerOrganizations/org1.qklszzn.com/users/Admin@org1.qklszzn.com/msp/intermediatecerts]. Skipping. [stat /home/liuyang/hyperledger/fabricconfig/crypto-config/peerOrganizations/org1.qklszzn.com/users/Admin@org1.qklszzn.com/msp/intermediatecerts: no such file or directory]
[36m2019-01-06 22:57:50.592 CST [msp] getPemMaterialFromDir -> DEBU 025[0m Reading directory /home/liuyang/hyperledger/fabricconfig/crypto-config/peerOrganizations/org1.qklszzn.com/users/Admin@org1.qklszzn.com/msp/tlscacerts
[36m2019-01-06 22:57:50.592 CST [msp] getPemMaterialFromDir -> DEBU 026[0m Inspecting file /home/liuyang/hyperledger/fabricconfig/crypto-config/peerOrganizations/org1.qklszzn.com/users/Admin@org1.qklszzn.com/msp/tlscacerts/tlsca.org1.qklszzn.com-cert.pem
[36m2019-01-06 22:57:50.592 CST [msp] getPemMaterialFromDir -> DEBU 027[0m Reading directory /home/liuyang/hyperledger/fabricconfig/crypto-config/peerOrganizations/org1.qklszzn.com/users/Admin@org1.qklszzn.com/msp/tlsintermediatecerts
[36m2019-01-06 22:57:50.592 CST [msp] getMspConfig -> DEBU 028[0m TLS intermediate certs folder not found at [/home/liuyang/hyperledger/fabricconfig/crypto-config/peerOrganizations/org1.qklszzn.com/users/Admin@org1.qklszzn.com/msp/tlsintermediatecerts]. Skipping. [stat /home/liuyang/hyperledger/fabricconfig/crypto-config/peerOrganizations/org1.qklszzn.com/users/Admin@org1.qklszzn.com/msp/tlsintermediatecerts: no such file or directory]
[36m2019-01-06 22:57:50.592 CST [msp] getPemMaterialFromDir -> DEBU 029[0m Reading directory /home/liuyang/hyperledger/fabricconfig/crypto-config/peerOrganizations/org1.qklszzn.com/users/Admin@org1.qklszzn.com/msp/crls
[36m2019-01-06 22:57:50.592 CST [msp] getMspConfig -> DEBU 02a[0m crls folder not found at [/home/liuyang/hyperledger/fabricconfig/crypto-config/peerOrganizations/org1.qklszzn.com/users/Admin@org1.qklszzn.com/msp/crls]. Skipping. [stat /home/liuyang/hyperledger/fabricconfig/crypto-config/peerOrganizations/org1.qklszzn.com/users/Admin@org1.qklszzn.com/msp/crls: no such file or directory]
[36m2019-01-06 22:57:50.592 CST [msp] getMspConfig -> DEBU 02b[0m MSP configuration file not found at [/home/liuyang/hyperledger/fabricconfig/crypto-config/peerOrganizations/org1.qklszzn.com/users/Admin@org1.qklszzn.com/msp/config.yaml]: [stat /home/liuyang/hyperledger/fabricconfig/crypto-config/peerOrganizations/org1.qklszzn.com/users/Admin@org1.qklszzn.com/msp/config.yaml: no such file or directory]
[36m2019-01-06 22:57:50.592 CST [msp] newBccspMsp -> DEBU 02c[0m Creating BCCSP-based MSP instance
[36m2019-01-06 22:57:50.592 CST [msp] New -> DEBU 02d[0m Creating Cache-MSP instance
[36m2019-01-06 22:57:50.592 CST [msp] loadLocaMSP -> DEBU 02e[0m Created new local MSP
[36m2019-01-06 22:57:50.592 CST [msp] Setup -> DEBU 02f[0m Setting up MSP instance Org1MSP
[36m2019-01-06 22:57:50.593 CST [msp/identity] newIdentity -> DEBU 030[0m Creating identity instance for cert -----BEGIN CERTIFICATE-----
MIICQzCCAeqgAwIBAgIRAN2Sc+BpgaPbiJJa8TSvM8owCgYIKoZIzj0EAwIwczEL
MAkGA1UEBhMCVVMxEzARBgNVBAgTCkNhbGlmb3JuaWExFjAUBgNVBAcTDVNhbiBG
cmFuY2lzY28xGTAXBgNVBAoTEG9yZzEucWtsc3p6bi5jb20xHDAaBgNVBAMTE2Nh
Lm9yZzEucWtsc3p6bi5jb20wHhcNMTkwMTAyMTQwODQ3WhcNMjgxMjMwMTQwODQ3
WjBzMQswCQYDVQQGEwJVUzETMBEGA1UECBMKQ2FsaWZvcm5pYTEWMBQGA1UEBxMN
U2FuIEZyYW5jaXNjbzEZMBcGA1UEChMQb3JnMS5xa2xzenpuLmNvbTEcMBoGA1UE
AxMTY2Eub3JnMS5xa2xzenpuLmNvbTBZMBMGByqGSM49AgEGCCqGSM49AwEHA0IA
BAIEd54bL00LLZhBPJJNSaGvdqXNuwjYB1wKpJiPb7G6Vhbr2hU6bulAstJeCcGc
LZV4Rl7XJD8ZDqJYPXGTWSyjXzBdMA4GA1UdDwEB/wQEAwIBpjAPBgNVHSUECDAG
BgRVHSUAMA8GA1UdEwEB/wQFMAMBAf8wKQYDVR0OBCIEIO2Qd1OZ/yZDiEEDAVax
X+lEWP+iTEOcGVGV4ATZx/liMAoGCCqGSM49BAMCA0cAMEQCIHbCTeOQa1brEm6J
ZS8qy3rzaWLq3zeOpzpLtQ8FebaqAiB5LJOYy3LN5WcBj6/9Vz6nWJNGjNoIoV8V
9K5/Yk7EMg==
-----END CERTIFICATE-----
[36m2019-01-06 22:57:50.593 CST [msp/identity] newIdentity -> DEBU 031[0m Creating identity instance for cert -----BEGIN CERTIFICATE-----
MIICGDCCAb+gAwIBAgIQcNKZ05WtIoVGJ28KxPyVcDAKBggqhkjOPQQDAjBzMQsw
CQYDVQQGEwJVUzETMBEGA1UECBMKQ2FsaWZvcm5pYTEWMBQGA1UEBxMNU2FuIEZy
YW5jaXNjbzEZMBcGA1UEChMQb3JnMS5xa2xzenpuLmNvbTEcMBoGA1UEAxMTY2Eu
b3JnMS5xa2xzenpuLmNvbTAeFw0xOTAxMDIxNDA4NDdaFw0yODEyMzAxNDA4NDda
MFsxCzAJBgNVBAYTAlVTMRMwEQYDVQQIEwpDYWxpZm9ybmlhMRYwFAYDVQQHEw1T
YW4gRnJhbmNpc2NvMR8wHQYDVQQDDBZBZG1pbkBvcmcxLnFrbHN6em4uY29tMFkw
EwYHKoZIzj0CAQYIKoZIzj0DAQcDQgAEuKdLInnT4k018UU1qRtmPTgTXwO5a6x9
IhgE228lYPoXb5KGIPgRfWnzXi4xh4fChuMREiGy69Vcw7PWgmeKY6NNMEswDgYD
VR0PAQH/BAQDAgeAMAwGA1UdEwEB/wQCMAAwKwYDVR0jBCQwIoAg7ZB3U5n/JkOI
QQMBVrFf6URY/6JMQ5wZUZXgBNnH+WIwCgYIKoZIzj0EAwIDRwAwRAIgSEoMXMix
4KBxovjeinGzdUvF0Qw7sPYULPK3SZs9MEACIBf5NDmc2vsJmgAzWNpH4vousjAO
yZJzIz1p/hvevYO2
-----END CERTIFICATE-----
[36m2019-01-06 22:57:50.601 CST [msp/identity] newIdentity -> DEBU 032[0m Creating identity instance for cert -----BEGIN CERTIFICATE-----
MIICGDCCAb+gAwIBAgIQcNKZ05WtIoVGJ28KxPyVcDAKBggqhkjOPQQDAjBzMQsw
CQYDVQQGEwJVUzETMBEGA1UECBMKQ2FsaWZvcm5pYTEWMBQGA1UEBxMNU2FuIEZy
YW5jaXNjbzEZMBcGA1UEChMQb3JnMS5xa2xzenpuLmNvbTEcMBoGA1UEAxMTY2Eu
b3JnMS5xa2xzenpuLmNvbTAeFw0xOTAxMDIxNDA4NDdaFw0yODEyMzAxNDA4NDda
MFsxCzAJBgNVBAYTAlVTMRMwEQYDVQQIEwpDYWxpZm9ybmlhMRYwFAYDVQQHEw1T
YW4gRnJhbmNpc2NvMR8wHQYDVQQDDBZBZG1pbkBvcmcxLnFrbHN6em4uY29tMFkw
EwYHKoZIzj0CAQYIKoZIzj0DAQcDQgAEuKdLInnT4k018UU1qRtmPTgTXwO5a6x9
IhgE228lYPoXb5KGIPgRfWnzXi4xh4fChuMREiGy69Vcw7PWgmeKY6NNMEswDgYD
VR0PAQH/BAQDAgeAMAwGA1UdEwEB/wQCMAAwKwYDVR0jBCQwIoAg7ZB3U5n/JkOI
QQMBVrFf6URY/6JMQ5wZUZXgBNnH+WIwCgYIKoZIzj0EAwIDRwAwRAIgSEoMXMix
4KBxovjeinGzdUvF0Qw7sPYULPK3SZs9MEACIBf5NDmc2vsJmgAzWNpH4vousjAO
yZJzIz1p/hvevYO2
-----END CERTIFICATE-----
[36m2019-01-06 22:57:50.601 CST [bccsp_sw] loadPrivateKey -> DEBU 033[0m Loading private key [77769ad4ba122fb6112d71dc85cf26e2805a1c69213d774dfc6be749e371ba82] at [/home/liuyang/hyperledger/fabricconfig/crypto-config/peerOrganizations/org1.qklszzn.com/users/Admin@org1.qklszzn.com/msp/keystore/77769ad4ba122fb6112d71dc85cf26e2805a1c69213d774dfc6be749e371ba82_sk]...
[36m2019-01-06 22:57:50.602 CST [msp/identity] newIdentity -> DEBU 034[0m Creating identity instance for cert -----BEGIN CERTIFICATE-----
MIICGDCCAb+gAwIBAgIQcNKZ05WtIoVGJ28KxPyVcDAKBggqhkjOPQQDAjBzMQsw
CQYDVQQGEwJVUzETMBEGA1UECBMKQ2FsaWZvcm5pYTEWMBQGA1UEBxMNU2FuIEZy
YW5jaXNjbzEZMBcGA1UEChMQb3JnMS5xa2xzenpuLmNvbTEcMBoGA1UEAxMTY2Eu
b3JnMS5xa2xzenpuLmNvbTAeFw0xOTAxMDIxNDA4NDdaFw0yODEyMzAxNDA4NDda
MFsxCzAJBgNVBAYTAlVTMRMwEQYDVQQIEwpDYWxpZm9ybmlhMRYwFAYDVQQHEw1T
YW4gRnJhbmNpc2NvMR8wHQYDVQQDDBZBZG1pbkBvcmcxLnFrbHN6em4uY29tMFkw
EwYHKoZIzj0CAQYIKoZIzj0DAQcDQgAEuKdLInnT4k018UU1qRtmPTgTXwO5a6x9
IhgE228lYPoXb5KGIPgRfWnzXi4xh4fChuMREiGy69Vcw7PWgmeKY6NNMEswDgYD
VR0PAQH/BAQDAgeAMAwGA1UdEwEB/wQCMAAwKwYDVR0jBCQwIoAg7ZB3U5n/JkOI
QQMBVrFf6URY/6JMQ5wZUZXgBNnH+WIwCgYIKoZIzj0EAwIDRwAwRAIgSEoMXMix
4KBxovjeinGzdUvF0Qw7sPYULPK3SZs9MEACIBf5NDmc2vsJmgAzWNpH4vousjAO
yZJzIz1p/hvevYO2
-----END CERTIFICATE-----
[36m2019-01-06 22:57:50.602 CST [msp] setupSigningIdentity -> DEBU 035[0m Signing identity expires at 2028-12-30 14:08:47 +0000 UTC
[36m2019-01-06 22:57:50.602 CST [msp] Validate -> DEBU 036[0m MSP Org1MSP validating identity
[36m2019-01-06 22:57:50.602 CST [flogging] setModuleLevel -> DEBU 037[0m Module 'msp' logger enabled for log level 'WARNING'
[36m2019-01-06 22:57:50.602 CST [flogging] setModuleLevel -> DEBU 038[0m Module 'msp/identity' logger enabled for log level 'WARNING'
[36m2019-01-06 22:57:50.602 CST [flogging] setModuleLevel -> DEBU 039[0m Module 'gossip/service' logger enabled for log level 'WARNING'
[36m2019-01-06 22:57:50.602 CST [flogging] setModuleLevel -> DEBU 03a[0m Module 'gossip/privdata' logger enabled for log level 'WARNING'
[36m2019-01-06 22:57:50.602 CST [flogging] setModuleLevel -> DEBU 03b[0m Module 'gossip/state' logger enabled for log level 'WARNING'
[36m2019-01-06 22:57:50.602 CST [flogging] setModuleLevel -> DEBU 03c[0m Module 'ledgermgmt' logger enabled for log level 'INFO'
[36m2019-01-06 22:57:50.602 CST [flogging] setModuleLevel -> DEBU 03d[0m Module 'ledgerstorage' logger enabled for log level 'INFO'
[36m2019-01-06 22:57:50.602 CST [flogging] setModuleLevel -> DEBU 03e[0m Module 'cauthdsl' logger enabled for log level 'WARNING'
[36m2019-01-06 22:57:50.602 CST [flogging] setModuleLevel -> DEBU 03f[0m Module 'policies/inquire' logger enabled for log level 'WARNING'
[36m2019-01-06 22:57:50.602 CST [flogging] setModuleLevel -> DEBU 040[0m Module 'policies' logger enabled for log level 'WARNING'
[36m2019-01-06 22:57:50.602 CST [flogging] setModuleLevel -> DEBU 041[0m Module 'grpc' logger enabled for log level 'ERROR'
[36m2019-01-06 22:57:50.602 CST [flogging] setModuleLevel -> DEBU 042[0m Module 'peer/gossip/mcs' logger enabled for log level 'WARNING'
[36m2019-01-06 22:57:50.602 CST [flogging] setModuleLevel -> DEBU 043[0m Module 'peer/gossip/sa' logger enabled for log level 'WARNING'
2019-01-06 22:57:50.602 CST [nodeCmd] serve -> INFO 044[0m Starting peer:
 Version: 1.2.1
 Commit SHA: 97cc9d0ee
 Go version: go1.11
 OS/Arch: linux/amd64
 Experimental features: false
 Chaincode:
  Base Image Version: 0.4.10
  Base Docker Namespace: hyperledger
  Base Docker Label: org.hyperledger.fabric
  Docker Namespace: hyperledger

2019-01-06 22:57:50.602 CST [ledgermgmt] initialize -> INFO 045[0m Initializing ledger mgmt
2019-01-06 22:57:50.603 CST [kvledger] NewProvider -> INFO 046[0m Initializing ledger provider
[36m2019-01-06 22:57:50.603 CST [kvledger.util] CreateDirIfMissing -> DEBU 047[0m CreateDirIfMissing [/home/liuyang/hyperledger/peer/production/ledgersData/ledgerProvider/]
[36m2019-01-06 22:57:50.603 CST [kvledger.util] logDirStatus -> DEBU 048[0m Before creating dir - [/home/liuyang/hyperledger/peer/production/ledgersData/ledgerProvider/] exists
[36m2019-01-06 22:57:50.603 CST [kvledger.util] logDirStatus -> DEBU 049[0m After creating dir - [/home/liuyang/hyperledger/peer/production/ledgersData/ledgerProvider/] exists
panic: Error while trying to open DB: resource temporarily unavailable

goroutine 1 [running]:
github.com/hyperledger/fabric/common/ledger/util/leveldbhelper.(*DB).Open(0xc000083bc0)
	/home/liuyang/go/src/github.com/hyperledger/fabric/common/ledger/util/leveldbhelper/leveldb_helper.go:88 +0x271
github.com/hyperledger/fabric/core/ledger/kvledger.openIDStore(0xc000331a90, 0x44, 0x1)
	/home/liuyang/go/src/github.com/hyperledger/fabric/core/ledger/kvledger/kv_ledger_provider.go:250 +0x10e
github.com/hyperledger/fabric/core/ledger/kvledger.NewProvider(0x1379a60, 0x0, 0x0, 0x0)
	/home/liuyang/go/src/github.com/hyperledger/fabric/core/ledger/kvledger/kv_ledger_provider.go:60 +0x89
github.com/hyperledger/fabric/core/ledger/ledgermgmt.initialize(0xc000031ad0, 0x0, 0x0, 0x0)
	/home/liuyang/go/src/github.com/hyperledger/fabric/core/ledger/ledgermgmt/ledger_mgmt.go:65 +0x250
github.com/hyperledger/fabric/core/ledger/ledgermgmt.Initialize.func1()
	/home/liuyang/go/src/github.com/hyperledger/fabric/core/ledger/ledgermgmt/ledger_mgmt.go:52 +0x3b
sync.(*Once).Do(0x2036798, 0xc0003975d8)
	/home/liuyang/go/src/sync/once.go:44 +0xb3
github.com/hyperledger/fabric/core/ledger/ledgermgmt.Initialize(0xc000031ad0)
	/home/liuyang/go/src/github.com/hyperledger/fabric/core/ledger/ledgermgmt/ledger_mgmt.go:51 +0x55
github.com/hyperledger/fabric/peer/node.serve(0x20366b0, 0x0, 0x0, 0x0, 0x0)
	/home/liuyang/go/src/github.com/hyperledger/fabric/peer/node/start.go:148 +0x200
github.com/hyperledger/fabric/peer/node.glob..func1(0x1f2fa20, 0x20366b0, 0x0, 0x0, 0x0, 0x0)
	/home/liuyang/go/src/github.com/hyperledger/fabric/peer/node/start.go:111 +0x9c
github.com/hyperledger/fabric/vendor/github.com/spf13/cobra.(*Command).execute(0x1f2fa20, 0x20366b0, 0x0, 0x0, 0x1f2fa20, 0x20366b0)
	/home/liuyang/go/src/github.com/hyperledger/fabric/vendor/github.com/spf13/cobra/command.go:698 +0x47a
github.com/hyperledger/fabric/vendor/github.com/spf13/cobra.(*Command).ExecuteC(0x1f30080, 0x2018c50, 0xf, 0x2)
	/home/liuyang/go/src/github.com/hyperledger/fabric/vendor/github.com/spf13/cobra/command.go:783 +0x2dc
github.com/hyperledger/fabric/vendor/github.com/spf13/cobra.(*Command).Execute(0x1f30080, 0x2, 0xffffffffffffffff)
	/home/liuyang/go/src/github.com/hyperledger/fabric/vendor/github.com/spf13/cobra/command.go:736 +0x2b
main.main()
	/home/liuyang/go/src/github.com/hyperledger/fabric/peer/main.go:97 +0x5a7
[36m2019-01-09 00:15:26.952 CST [viperutil] getKeysRecursively -> DEBU 001[0m Found map[string]interface{} value for peer.BCCSP
[36m2019-01-09 00:15:26.955 CST [viperutil] getKeysRecursively -> DEBU 002[0m Found map[string]interface{} value for peer.BCCSP.SW
[36m2019-01-09 00:15:26.956 CST [viperutil] unmarshalJSON -> DEBU 003[0m Unmarshal JSON: value cannot be unmarshalled: invalid character 'S' looking for beginning of value
[36m2019-01-09 00:15:26.956 CST [viperutil] getKeysRecursively -> DEBU 004[0m Found real value for peer.BCCSP.SW.Hash setting to string SHA2
[36m2019-01-09 00:15:26.956 CST [viperutil] unmarshalJSON -> DEBU 005[0m Unmarshal JSON: value is not a string: 256
[36m2019-01-09 00:15:26.956 CST [viperutil] getKeysRecursively -> DEBU 006[0m Found real value for peer.BCCSP.SW.Security setting to int 256
[36m2019-01-09 00:15:26.956 CST [viperutil] getKeysRecursively -> DEBU 007[0m Found map[string]interface{} value for peer.BCCSP.SW.FileKeyStore
[36m2019-01-09 00:15:26.956 CST [viperutil] unmarshalJSON -> DEBU 008[0m Unmarshal JSON: value cannot be unmarshalled: unexpected end of JSON input
[36m2019-01-09 00:15:26.956 CST [viperutil] getKeysRecursively -> DEBU 009[0m Found real value for peer.BCCSP.SW.FileKeyStore.KeyStore setting to string 
[36m2019-01-09 00:15:26.956 CST [viperutil] getKeysRecursively -> DEBU 00a[0m Found map[string]interface{} value for peer.BCCSP.PKCS11
[36m2019-01-09 00:15:26.956 CST [viperutil] unmarshalJSON -> DEBU 00b[0m Unmarshal JSON: value is not a string: <nil>
[36m2019-01-09 00:15:26.956 CST [viperutil] getKeysRecursively -> DEBU 00c[0m Found real value for peer.BCCSP.PKCS11.Hash setting to <nil> <nil>
[36m2019-01-09 00:15:26.956 CST [viperutil] unmarshalJSON -> DEBU 00d[0m Unmarshal JSON: value is not a string: <nil>
[36m2019-01-09 00:15:26.956 CST [viperutil] getKeysRecursively -> DEBU 00e[0m Found real value for peer.BCCSP.PKCS11.Security setting to <nil> <nil>
[36m2019-01-09 00:15:26.956 CST [viperutil] getKeysRecursively -> DEBU 00f[0m Found map[string]interface{} value for peer.BCCSP.PKCS11.FileKeyStore
[36m2019-01-09 00:15:26.956 CST [viperutil] unmarshalJSON -> DEBU 010[0m Unmarshal JSON: value is not a string: <nil>
[36m2019-01-09 00:15:26.957 CST [viperutil] getKeysRecursively -> DEBU 011[0m Found real value for peer.BCCSP.PKCS11.FileKeyStore.KeyStore setting to <nil> <nil>
[36m2019-01-09 00:15:26.957 CST [viperutil] unmarshalJSON -> DEBU 012[0m Unmarshal JSON: value is not a string: <nil>
[36m2019-01-09 00:15:26.957 CST [viperutil] getKeysRecursively -> DEBU 013[0m Found real value for peer.BCCSP.PKCS11.Library setting to <nil> <nil>
[36m2019-01-09 00:15:26.957 CST [viperutil] unmarshalJSON -> DEBU 014[0m Unmarshal JSON: value is not a string: <nil>
[36m2019-01-09 00:15:26.957 CST [viperutil] getKeysRecursively -> DEBU 015[0m Found real value for peer.BCCSP.PKCS11.Label setting to <nil> <nil>
[36m2019-01-09 00:15:26.957 CST [viperutil] unmarshalJSON -> DEBU 016[0m Unmarshal JSON: value is not a string: <nil>
[36m2019-01-09 00:15:26.957 CST [viperutil] getKeysRecursively -> DEBU 017[0m Found real value for peer.BCCSP.PKCS11.Pin setting to <nil> <nil>
[36m2019-01-09 00:15:26.957 CST [viperutil] unmarshalJSON -> DEBU 018[0m Unmarshal JSON: value cannot be unmarshalled: invalid character 'S' looking for beginning of value
[36m2019-01-09 00:15:26.957 CST [viperutil] getKeysRecursively -> DEBU 019[0m Found real value for peer.BCCSP.Default setting to string SW
[36m2019-01-09 00:15:26.957 CST [viperutil] EnhancedExactUnmarshalKey -> DEBU 01a[0m map[peer.BCCSP:map[Default:SW SW:map[Hash:SHA2 Security:256 FileKeyStore:map[KeyStore:]] PKCS11:map[FileKeyStore:map[KeyStore:<nil>] Library:<nil> Label:<nil> Pin:<nil> Hash:<nil> Security:<nil>]]]
[36m2019-01-09 00:15:26.957 CST [bccsp_sw] openKeyStore -> DEBU 01b[0m KeyStore opened at [/home/liuyang/hyperledger/fabricconfig/crypto-config/peerOrganizations/org1.qklszzn.com/peers/peer0.org1.qklszzn.com/msp/keystore]...done
[36m2019-01-09 00:15:26.958 CST [bccsp] initBCCSP -> DEBU 01c[0m Initialize BCCSP [SW]
[36m2019-01-09 00:15:26.958 CST [msp] getPemMaterialFromDir -> DEBU 01d[0m Reading directory /home/liuyang/hyperledger/fabricconfig/crypto-config/peerOrganizations/org1.qklszzn.com/peers/peer0.org1.qklszzn.com/msp/signcerts
[36m2019-01-09 00:15:26.958 CST [msp] getPemMaterialFromDir -> DEBU 01e[0m Inspecting file /home/liuyang/hyperledger/fabricconfig/crypto-config/peerOrganizations/org1.qklszzn.com/peers/peer0.org1.qklszzn.com/msp/signcerts/peer0.org1.qklszzn.com-cert.pem
[36m2019-01-09 00:15:26.958 CST [msp] getPemMaterialFromDir -> DEBU 01f[0m Reading directory /home/liuyang/hyperledger/fabricconfig/crypto-config/peerOrganizations/org1.qklszzn.com/peers/peer0.org1.qklszzn.com/msp/cacerts
[36m2019-01-09 00:15:26.958 CST [msp] getPemMaterialFromDir -> DEBU 020[0m Inspecting file /home/liuyang/hyperledger/fabricconfig/crypto-config/peerOrganizations/org1.qklszzn.com/peers/peer0.org1.qklszzn.com/msp/cacerts/ca.org1.qklszzn.com-cert.pem
[36m2019-01-09 00:15:26.959 CST [msp] getPemMaterialFromDir -> DEBU 021[0m Reading directory /home/liuyang/hyperledger/fabricconfig/crypto-config/peerOrganizations/org1.qklszzn.com/peers/peer0.org1.qklszzn.com/msp/admincerts
[36m2019-01-09 00:15:26.959 CST [msp] getPemMaterialFromDir -> DEBU 022[0m Inspecting file /home/liuyang/hyperledger/fabricconfig/crypto-config/peerOrganizations/org1.qklszzn.com/peers/peer0.org1.qklszzn.com/msp/admincerts/Admin@org1.qklszzn.com-cert.pem
[36m2019-01-09 00:15:26.959 CST [msp] getPemMaterialFromDir -> DEBU 023[0m Reading directory /home/liuyang/hyperledger/fabricconfig/crypto-config/peerOrganizations/org1.qklszzn.com/peers/peer0.org1.qklszzn.com/msp/intermediatecerts
[36m2019-01-09 00:15:26.959 CST [msp] getMspConfig -> DEBU 024[0m Intermediate certs folder not found at [/home/liuyang/hyperledger/fabricconfig/crypto-config/peerOrganizations/org1.qklszzn.com/peers/peer0.org1.qklszzn.com/msp/intermediatecerts]. Skipping. [stat /home/liuyang/hyperledger/fabricconfig/crypto-config/peerOrganizations/org1.qklszzn.com/peers/peer0.org1.qklszzn.com/msp/intermediatecerts: no such file or directory]
[36m2019-01-09 00:15:26.959 CST [msp] getPemMaterialFromDir -> DEBU 025[0m Reading directory /home/liuyang/hyperledger/fabricconfig/crypto-config/peerOrganizations/org1.qklszzn.com/peers/peer0.org1.qklszzn.com/msp/tlscacerts
[36m2019-01-09 00:15:26.959 CST [msp] getPemMaterialFromDir -> DEBU 026[0m Inspecting file /home/liuyang/hyperledger/fabricconfig/crypto-config/peerOrganizations/org1.qklszzn.com/peers/peer0.org1.qklszzn.com/msp/tlscacerts/tlsca.org1.qklszzn.com-cert.pem
[36m2019-01-09 00:15:26.959 CST [msp] getPemMaterialFromDir -> DEBU 027[0m Reading directory /home/liuyang/hyperledger/fabricconfig/crypto-config/peerOrganizations/org1.qklszzn.com/peers/peer0.org1.qklszzn.com/msp/tlsintermediatecerts
[36m2019-01-09 00:15:26.959 CST [msp] getMspConfig -> DEBU 028[0m TLS intermediate certs folder not found at [/home/liuyang/hyperledger/fabricconfig/crypto-config/peerOrganizations/org1.qklszzn.com/peers/peer0.org1.qklszzn.com/msp/tlsintermediatecerts]. Skipping. [stat /home/liuyang/hyperledger/fabricconfig/crypto-config/peerOrganizations/org1.qklszzn.com/peers/peer0.org1.qklszzn.com/msp/tlsintermediatecerts: no such file or directory]
[36m2019-01-09 00:15:26.959 CST [msp] getPemMaterialFromDir -> DEBU 029[0m Reading directory /home/liuyang/hyperledger/fabricconfig/crypto-config/peerOrganizations/org1.qklszzn.com/peers/peer0.org1.qklszzn.com/msp/crls
[36m2019-01-09 00:15:26.959 CST [msp] getMspConfig -> DEBU 02a[0m crls folder not found at [/home/liuyang/hyperledger/fabricconfig/crypto-config/peerOrganizations/org1.qklszzn.com/peers/peer0.org1.qklszzn.com/msp/crls]. Skipping. [stat /home/liuyang/hyperledger/fabricconfig/crypto-config/peerOrganizations/org1.qklszzn.com/peers/peer0.org1.qklszzn.com/msp/crls: no such file or directory]
[36m2019-01-09 00:15:26.959 CST [msp] getMspConfig -> DEBU 02b[0m MSP configuration file not found at [/home/liuyang/hyperledger/fabricconfig/crypto-config/peerOrganizations/org1.qklszzn.com/peers/peer0.org1.qklszzn.com/msp/config.yaml]: [stat /home/liuyang/hyperledger/fabricconfig/crypto-config/peerOrganizations/org1.qklszzn.com/peers/peer0.org1.qklszzn.com/msp/config.yaml: no such file or directory]
[36m2019-01-09 00:15:26.960 CST [msp] newBccspMsp -> DEBU 02c[0m Creating BCCSP-based MSP instance
[36m2019-01-09 00:15:26.960 CST [msp] New -> DEBU 02d[0m Creating Cache-MSP instance
[36m2019-01-09 00:15:26.960 CST [msp] loadLocaMSP -> DEBU 02e[0m Created new local MSP
[36m2019-01-09 00:15:26.960 CST [msp] Setup -> DEBU 02f[0m Setting up MSP instance Org1MSP
[36m2019-01-09 00:15:26.960 CST [msp/identity] newIdentity -> DEBU 030[0m Creating identity instance for cert -----BEGIN CERTIFICATE-----
MIICQzCCAeqgAwIBAgIRAN2Sc+BpgaPbiJJa8TSvM8owCgYIKoZIzj0EAwIwczEL
MAkGA1UEBhMCVVMxEzARBgNVBAgTCkNhbGlmb3JuaWExFjAUBgNVBAcTDVNhbiBG
cmFuY2lzY28xGTAXBgNVBAoTEG9yZzEucWtsc3p6bi5jb20xHDAaBgNVBAMTE2Nh
Lm9yZzEucWtsc3p6bi5jb20wHhcNMTkwMTAyMTQwODQ3WhcNMjgxMjMwMTQwODQ3
WjBzMQswCQYDVQQGEwJVUzETMBEGA1UECBMKQ2FsaWZvcm5pYTEWMBQGA1UEBxMN
U2FuIEZyYW5jaXNjbzEZMBcGA1UEChMQb3JnMS5xa2xzenpuLmNvbTEcMBoGA1UE
AxMTY2Eub3JnMS5xa2xzenpuLmNvbTBZMBMGByqGSM49AgEGCCqGSM49AwEHA0IA
BAIEd54bL00LLZhBPJJNSaGvdqXNuwjYB1wKpJiPb7G6Vhbr2hU6bulAstJeCcGc
LZV4Rl7XJD8ZDqJYPXGTWSyjXzBdMA4GA1UdDwEB/wQEAwIBpjAPBgNVHSUECDAG
BgRVHSUAMA8GA1UdEwEB/wQFMAMBAf8wKQYDVR0OBCIEIO2Qd1OZ/yZDiEEDAVax
X+lEWP+iTEOcGVGV4ATZx/liMAoGCCqGSM49BAMCA0cAMEQCIHbCTeOQa1brEm6J
ZS8qy3rzaWLq3zeOpzpLtQ8FebaqAiB5LJOYy3LN5WcBj6/9Vz6nWJNGjNoIoV8V
9K5/Yk7EMg==
-----END CERTIFICATE-----
[36m2019-01-09 00:15:26.960 CST [msp/identity] newIdentity -> DEBU 031[0m Creating identity instance for cert -----BEGIN CERTIFICATE-----
MIICGDCCAb+gAwIBAgIQcNKZ05WtIoVGJ28KxPyVcDAKBggqhkjOPQQDAjBzMQsw
CQYDVQQGEwJVUzETMBEGA1UECBMKQ2FsaWZvcm5pYTEWMBQGA1UEBxMNU2FuIEZy
YW5jaXNjbzEZMBcGA1UEChMQb3JnMS5xa2xzenpuLmNvbTEcMBoGA1UEAxMTY2Eu
b3JnMS5xa2xzenpuLmNvbTAeFw0xOTAxMDIxNDA4NDdaFw0yODEyMzAxNDA4NDda
MFsxCzAJBgNVBAYTAlVTMRMwEQYDVQQIEwpDYWxpZm9ybmlhMRYwFAYDVQQHEw1T
YW4gRnJhbmNpc2NvMR8wHQYDVQQDDBZBZG1pbkBvcmcxLnFrbHN6em4uY29tMFkw
EwYHKoZIzj0CAQYIKoZIzj0DAQcDQgAEuKdLInnT4k018UU1qRtmPTgTXwO5a6x9
IhgE228lYPoXb5KGIPgRfWnzXi4xh4fChuMREiGy69Vcw7PWgmeKY6NNMEswDgYD
VR0PAQH/BAQDAgeAMAwGA1UdEwEB/wQCMAAwKwYDVR0jBCQwIoAg7ZB3U5n/JkOI
QQMBVrFf6URY/6JMQ5wZUZXgBNnH+WIwCgYIKoZIzj0EAwIDRwAwRAIgSEoMXMix
4KBxovjeinGzdUvF0Qw7sPYULPK3SZs9MEACIBf5NDmc2vsJmgAzWNpH4vousjAO
yZJzIz1p/hvevYO2
-----END CERTIFICATE-----
[36m2019-01-09 00:15:26.970 CST [msp/identity] newIdentity -> DEBU 032[0m Creating identity instance for cert -----BEGIN CERTIFICATE-----
MIICGjCCAcCgAwIBAgIRAInrUoz6AJGLrEb7XWlfWNcwCgYIKoZIzj0EAwIwczEL
MAkGA1UEBhMCVVMxEzARBgNVBAgTCkNhbGlmb3JuaWExFjAUBgNVBAcTDVNhbiBG
cmFuY2lzY28xGTAXBgNVBAoTEG9yZzEucWtsc3p6bi5jb20xHDAaBgNVBAMTE2Nh
Lm9yZzEucWtsc3p6bi5jb20wHhcNMTkwMTAyMTQwODQ3WhcNMjgxMjMwMTQwODQ3
WjBbMQswCQYDVQQGEwJVUzETMBEGA1UECBMKQ2FsaWZvcm5pYTEWMBQGA1UEBxMN
U2FuIEZyYW5jaXNjbzEfMB0GA1UEAxMWcGVlcjAub3JnMS5xa2xzenpuLmNvbTBZ
MBMGByqGSM49AgEGCCqGSM49AwEHA0IABLG2e7QuZu6/SfbtSHvCJhzqkmkCCtcN
d66PdonVWuQiI7gsmfP92GkGgUNh+MxDNuFDFoFCqzb9K0SdicHvA9CjTTBLMA4G
A1UdDwEB/wQEAwIHgDAMBgNVHRMBAf8EAjAAMCsGA1UdIwQkMCKAIO2Qd1OZ/yZD
iEEDAVaxX+lEWP+iTEOcGVGV4ATZx/liMAoGCCqGSM49BAMCA0gAMEUCIQDay9+m
Syu5rmXa6HfaTk5V9Pr+IpT8SKoyqnFXHM4NbwIgLWvd3ED4pvBqfv0KIo67FrRU
Hv/ArE9sPfMvbwD24FA=
-----END CERTIFICATE-----
[36m2019-01-09 00:15:26.970 CST [bccsp_sw] loadPrivateKey -> DEBU 033[0m Loading private key [5d0adfa5065e8dcf7e9addc0edca1ec64ccceb244f020060cf7dbfd68e3d460b] at [/home/liuyang/hyperledger/fabricconfig/crypto-config/peerOrganizations/org1.qklszzn.com/peers/peer0.org1.qklszzn.com/msp/keystore/5d0adfa5065e8dcf7e9addc0edca1ec64ccceb244f020060cf7dbfd68e3d460b_sk]...
[36m2019-01-09 00:15:26.970 CST [msp/identity] newIdentity -> DEBU 034[0m Creating identity instance for cert -----BEGIN CERTIFICATE-----
MIICGjCCAcCgAwIBAgIRAInrUoz6AJGLrEb7XWlfWNcwCgYIKoZIzj0EAwIwczEL
MAkGA1UEBhMCVVMxEzARBgNVBAgTCkNhbGlmb3JuaWExFjAUBgNVBAcTDVNhbiBG
cmFuY2lzY28xGTAXBgNVBAoTEG9yZzEucWtsc3p6bi5jb20xHDAaBgNVBAMTE2Nh
Lm9yZzEucWtsc3p6bi5jb20wHhcNMTkwMTAyMTQwODQ3WhcNMjgxMjMwMTQwODQ3
WjBbMQswCQYDVQQGEwJVUzETMBEGA1UECBMKQ2FsaWZvcm5pYTEWMBQGA1UEBxMN
U2FuIEZyYW5jaXNjbzEfMB0GA1UEAxMWcGVlcjAub3JnMS5xa2xzenpuLmNvbTBZ
MBMGByqGSM49AgEGCCqGSM49AwEHA0IABLG2e7QuZu6/SfbtSHvCJhzqkmkCCtcN
d66PdonVWuQiI7gsmfP92GkGgUNh+MxDNuFDFoFCqzb9K0SdicHvA9CjTTBLMA4G
A1UdDwEB/wQEAwIHgDAMBgNVHRMBAf8EAjAAMCsGA1UdIwQkMCKAIO2Qd1OZ/yZD
iEEDAVaxX+lEWP+iTEOcGVGV4ATZx/liMAoGCCqGSM49BAMCA0gAMEUCIQDay9+m
Syu5rmXa6HfaTk5V9Pr+IpT8SKoyqnFXHM4NbwIgLWvd3ED4pvBqfv0KIo67FrRU
Hv/ArE9sPfMvbwD24FA=
-----END CERTIFICATE-----
[36m2019-01-09 00:15:26.971 CST [msp] setupSigningIdentity -> DEBU 035[0m Signing identity expires at 2028-12-30 14:08:47 +0000 UTC
[36m2019-01-09 00:15:26.971 CST [msp] Validate -> DEBU 036[0m MSP Org1MSP validating identity
[36m2019-01-09 00:15:26.971 CST [flogging] setModuleLevel -> DEBU 037[0m Module 'msp/identity' logger enabled for log level 'WARNING'
[36m2019-01-09 00:15:26.971 CST [flogging] setModuleLevel -> DEBU 038[0m Module 'msp' logger enabled for log level 'WARNING'
[36m2019-01-09 00:15:26.971 CST [flogging] setModuleLevel -> DEBU 039[0m Module 'gossip/privdata' logger enabled for log level 'WARNING'
[36m2019-01-09 00:15:26.971 CST [flogging] setModuleLevel -> DEBU 03a[0m Module 'gossip/state' logger enabled for log level 'WARNING'
[36m2019-01-09 00:15:26.971 CST [flogging] setModuleLevel -> DEBU 03b[0m Module 'gossip/service' logger enabled for log level 'WARNING'
[36m2019-01-09 00:15:26.971 CST [flogging] setModuleLevel -> DEBU 03c[0m Module 'ledgerstorage' logger enabled for log level 'INFO'
[36m2019-01-09 00:15:26.971 CST [flogging] setModuleLevel -> DEBU 03d[0m Module 'ledgermgmt' logger enabled for log level 'INFO'
[36m2019-01-09 00:15:26.971 CST [flogging] setModuleLevel -> DEBU 03e[0m Module 'cauthdsl' logger enabled for log level 'WARNING'
[36m2019-01-09 00:15:26.971 CST [flogging] setModuleLevel -> DEBU 03f[0m Module 'policies' logger enabled for log level 'WARNING'
[36m2019-01-09 00:15:26.971 CST [flogging] setModuleLevel -> DEBU 040[0m Module 'policies/inquire' logger enabled for log level 'WARNING'
[36m2019-01-09 00:15:26.971 CST [flogging] setModuleLevel -> DEBU 041[0m Module 'grpc' logger enabled for log level 'ERROR'
[36m2019-01-09 00:15:26.971 CST [flogging] setModuleLevel -> DEBU 042[0m Module 'peer/gossip/mcs' logger enabled for log level 'WARNING'
[36m2019-01-09 00:15:26.971 CST [flogging] setModuleLevel -> DEBU 043[0m Module 'peer/gossip/sa' logger enabled for log level 'WARNING'
2019-01-09 00:15:26.971 CST [nodeCmd] serve -> INFO 044[0m Starting peer:
 Version: 1.2.1
 Commit SHA: 97cc9d0ee
 Go version: go1.11
 OS/Arch: linux/amd64
 Experimental features: false
 Chaincode:
  Base Image Version: 0.4.10
  Base Docker Namespace: hyperledger
  Base Docker Label: org.hyperledger.fabric
  Docker Namespace: hyperledger

2019-01-09 00:15:26.971 CST [ledgermgmt] initialize -> INFO 045[0m Initializing ledger mgmt
2019-01-09 00:15:26.971 CST [kvledger] NewProvider -> INFO 046[0m Initializing ledger provider
[36m2019-01-09 00:15:26.971 CST [kvledger.util] CreateDirIfMissing -> DEBU 047[0m CreateDirIfMissing [/home/liuyang/hyperledger/peer/production/ledgersData/ledgerProvider/]
[36m2019-01-09 00:15:26.972 CST [kvledger.util] logDirStatus -> DEBU 048[0m Before creating dir - [/home/liuyang/hyperledger/peer/production/ledgersData/ledgerProvider/] exists
[36m2019-01-09 00:15:26.972 CST [kvledger.util] logDirStatus -> DEBU 049[0m After creating dir - [/home/liuyang/hyperledger/peer/production/ledgersData/ledgerProvider/] exists
[36m2019-01-09 00:15:26.980 CST [kvledger.util] CreateDirIfMissing -> DEBU 04a[0m CreateDirIfMissing [/home/liuyang/hyperledger/peer/production/ledgersData/chains/index/]
[36m2019-01-09 00:15:26.980 CST [kvledger.util] logDirStatus -> DEBU 04b[0m Before creating dir - [/home/liuyang/hyperledger/peer/production/ledgersData/chains/index/] exists
[36m2019-01-09 00:15:26.980 CST [kvledger.util] logDirStatus -> DEBU 04c[0m After creating dir - [/home/liuyang/hyperledger/peer/production/ledgersData/chains/index/] exists
[36m2019-01-09 00:15:26.996 CST [kvledger.util] CreateDirIfMissing -> DEBU 04d[0m CreateDirIfMissing [/home/liuyang/hyperledger/peer/production/ledgersData/pvtdataStore/]
[36m2019-01-09 00:15:26.996 CST [kvledger.util] logDirStatus -> DEBU 04e[0m Before creating dir - [/home/liuyang/hyperledger/peer/production/ledgersData/pvtdataStore/] exists
[36m2019-01-09 00:15:26.996 CST [kvledger.util] logDirStatus -> DEBU 04f[0m After creating dir - [/home/liuyang/hyperledger/peer/production/ledgersData/pvtdataStore/] exists
[36m2019-01-09 00:15:27.012 CST [stateleveldb] NewVersionedDBProvider -> DEBU 050[0m constructing VersionedDBProvider dbPath=/home/liuyang/hyperledger/peer/production/ledgersData/stateLeveldb
[36m2019-01-09 00:15:27.012 CST [kvledger.util] CreateDirIfMissing -> DEBU 051[0m CreateDirIfMissing [/home/liuyang/hyperledger/peer/production/ledgersData/stateLeveldb/]
[36m2019-01-09 00:15:27.012 CST [kvledger.util] logDirStatus -> DEBU 052[0m Before creating dir - [/home/liuyang/hyperledger/peer/production/ledgersData/stateLeveldb/] exists
[36m2019-01-09 00:15:27.012 CST [kvledger.util] logDirStatus -> DEBU 053[0m After creating dir - [/home/liuyang/hyperledger/peer/production/ledgersData/stateLeveldb/] exists
[36m2019-01-09 00:15:27.027 CST [historyleveldb] NewHistoryDBProvider -> DEBU 054[0m constructing HistoryDBProvider dbPath=/home/liuyang/hyperledger/peer/production/ledgersData/historyLeveldb
[36m2019-01-09 00:15:27.027 CST [kvledger.util] CreateDirIfMissing -> DEBU 055[0m CreateDirIfMissing [/home/liuyang/hyperledger/peer/production/ledgersData/historyLeveldb/]
[36m2019-01-09 00:15:27.027 CST [kvledger.util] logDirStatus -> DEBU 056[0m Before creating dir - [/home/liuyang/hyperledger/peer/production/ledgersData/historyLeveldb/] exists
[36m2019-01-09 00:15:27.027 CST [kvledger.util] logDirStatus -> DEBU 057[0m After creating dir - [/home/liuyang/hyperledger/peer/production/ledgersData/historyLeveldb/] exists
[36m2019-01-09 00:15:27.041 CST [kvledger.util] CreateDirIfMissing -> DEBU 058[0m CreateDirIfMissing [/home/liuyang/hyperledger/peer/production/ledgersData/bookkeeper/]
[36m2019-01-09 00:15:27.041 CST [kvledger.util] logDirStatus -> DEBU 059[0m Before creating dir - [/home/liuyang/hyperledger/peer/production/ledgersData/bookkeeper/] exists
[36m2019-01-09 00:15:27.041 CST [kvledger.util] logDirStatus -> DEBU 05a[0m After creating dir - [/home/liuyang/hyperledger/peer/production/ledgersData/bookkeeper/] exists
[36m2019-01-09 00:15:27.054 CST [confighistory] newDBProvider -> DEBU 05b[0m Opening db for config history: db path = /home/liuyang/hyperledger/peer/production/ledgersData/configHistory
[36m2019-01-09 00:15:27.054 CST [kvledger.util] CreateDirIfMissing -> DEBU 05c[0m CreateDirIfMissing [/home/liuyang/hyperledger/peer/production/ledgersData/configHistory/]
[36m2019-01-09 00:15:27.054 CST [kvledger.util] logDirStatus -> DEBU 05d[0m Before creating dir - [/home/liuyang/hyperledger/peer/production/ledgersData/configHistory/] exists
[36m2019-01-09 00:15:27.054 CST [kvledger.util] logDirStatus -> DEBU 05e[0m After creating dir - [/home/liuyang/hyperledger/peer/production/ledgersData/configHistory/] exists
2019-01-09 00:15:27.068 CST [kvledger] NewProvider -> INFO 05f[0m ledger provider Initialized
[36m2019-01-09 00:15:27.068 CST [kvledger] recoverUnderConstructionLedger -> DEBU 060[0m Recovering under construction ledger
[36m2019-01-09 00:15:27.068 CST [kvledger] recoverUnderConstructionLedger -> DEBU 061[0m No under construction ledger found. Quitting recovery
2019-01-09 00:15:27.068 CST [ledgermgmt] initialize -> INFO 062[0m ledger mgmt initialized
2019-01-09 00:15:27.068 CST [peer] func1 -> INFO 063[0m Auto-detected peer address: 192.168.2.128:7051
2019-01-09 00:15:27.068 CST [peer] func1 -> INFO 064[0m Returning peer0.org1.qklszzn.com:7051
2019-01-09 00:15:27.069 CST [peer] func1 -> INFO 065[0m Auto-detected peer address: 192.168.2.128:7051
2019-01-09 00:15:27.069 CST [peer] func1 -> INFO 066[0m Returning peer0.org1.qklszzn.com:7051
[36m2019-01-09 00:15:27.070 CST [eventhub_producer] addEventType -> DEBU 067[0m Registering BLOCK
[36m2019-01-09 00:15:27.070 CST [eventhub_producer] addEventType -> DEBU 068[0m Registering FILTEREDBLOCK
2019-01-09 00:15:27.071 CST [nodeCmd] computeChaincodeEndpoint -> INFO 069[0m Entering computeChaincodeEndpoint with peerHostname: peer0.org1.qklszzn.com
2019-01-09 00:15:27.071 CST [nodeCmd] computeChaincodeEndpoint -> INFO 06a[0m Exit with ccEndpoint: peer0.org1.qklszzn.com:7052
2019-01-09 00:15:27.071 CST [eventhub_producer] start -> INFO 06b[0m Event processor started
[36m2019-01-09 00:15:27.072 CST [inproccontroller] Register -> DEBU 06c[0m Registering chaincode instance: cscc-1.2.1
2019-01-09 00:15:27.072 CST [sccapi] registerSysCC -> INFO 06d[0m system chaincode cscc(github.com/hyperledger/fabric/core/scc/cscc) registered
[36m2019-01-09 00:15:27.072 CST [inproccontroller] Register -> DEBU 06e[0m Registering chaincode instance: lscc-1.2.1
2019-01-09 00:15:27.072 CST [sccapi] registerSysCC -> INFO 06f[0m system chaincode lscc(github.com/hyperledger/fabric/core/scc/lscc) registered
[36m2019-01-09 00:15:27.072 CST [inproccontroller] Register -> DEBU 070[0m Registering chaincode instance: qscc-1.2.1
2019-01-09 00:15:27.072 CST [sccapi] registerSysCC -> INFO 071[0m system chaincode qscc(github.com/hyperledger/fabric/core/scc/qscc) registered
[36m2019-01-09 00:15:27.072 CST [nodeCmd] serve -> DEBU 072[0m Running peer
[36m2019-01-09 00:15:27.072 CST [viperutil] getKeysRecursively -> DEBU 073[0m Found map[string]interface{} value for peer.handlers
[36m2019-01-09 00:15:27.072 CST [viperutil] getKeysRecursively -> DEBU 074[0m Found map[string]interface{} value for peer.handlers.validators
[36m2019-01-09 00:15:27.072 CST [viperutil] getKeysRecursively -> DEBU 075[0m Found map[string]interface{} value for peer.handlers.validators.vscc
[36m2019-01-09 00:15:27.072 CST [viperutil] unmarshalJSON -> DEBU 076[0m Unmarshal JSON: value cannot be unmarshalled: invalid character 'D' looking for beginning of value
[36m2019-01-09 00:15:27.072 CST [viperutil] getKeysRecursively -> DEBU 077[0m Found real value for peer.handlers.validators.vscc.name setting to string DefaultValidation
[36m2019-01-09 00:15:27.072 CST [viperutil] unmarshalJSON -> DEBU 078[0m Unmarshal JSON: value is not a string: <nil>
[36m2019-01-09 00:15:27.073 CST [viperutil] getKeysRecursively -> DEBU 079[0m Found real value for peer.handlers.validators.vscc.library setting to <nil> <nil>
[36m2019-01-09 00:15:27.073 CST [viperutil] unmarshalJSON -> DEBU 07a[0m Unmarshal JSON: value is not a string: [map[name:DefaultAuth] map[name:ExpirationCheck]]
[36m2019-01-09 00:15:27.073 CST [viperutil] getKeysRecursively -> DEBU 07b[0m Found real value for peer.handlers.authFilters setting to []interface {} [map[name:DefaultAuth] map[name:ExpirationCheck]]
[36m2019-01-09 00:15:27.073 CST [viperutil] unmarshalJSON -> DEBU 07c[0m Unmarshal JSON: value is not a string: [map[name:DefaultDecorator]]
[36m2019-01-09 00:15:27.073 CST [viperutil] getKeysRecursively -> DEBU 07d[0m Found real value for peer.handlers.decorators setting to []interface {} [map[name:DefaultDecorator]]
[36m2019-01-09 00:15:27.073 CST [viperutil] getKeysRecursively -> DEBU 07e[0m Found map[string]interface{} value for peer.handlers.endorsers
[36m2019-01-09 00:15:27.073 CST [viperutil] getKeysRecursively -> DEBU 07f[0m Found map[string]interface{} value for peer.handlers.endorsers.escc
[36m2019-01-09 00:15:27.073 CST [viperutil] unmarshalJSON -> DEBU 080[0m Unmarshal JSON: value is not a string: <nil>
[36m2019-01-09 00:15:27.073 CST [viperutil] getKeysRecursively -> DEBU 081[0m Found real value for peer.handlers.endorsers.escc.library setting to <nil> <nil>
[36m2019-01-09 00:15:27.073 CST [viperutil] unmarshalJSON -> DEBU 082[0m Unmarshal JSON: value cannot be unmarshalled: invalid character 'D' looking for beginning of value
[36m2019-01-09 00:15:27.073 CST [viperutil] getKeysRecursively -> DEBU 083[0m Found real value for peer.handlers.endorsers.escc.name setting to string DefaultEndorsement
[36m2019-01-09 00:15:27.073 CST [viperutil] EnhancedExactUnmarshalKey -> DEBU 084[0m map[peer.handlers:map[endorsers:map[escc:map[library:<nil> name:DefaultEndorsement]] validators:map[vscc:map[name:DefaultValidation library:<nil>]] authFilters:[map[name:DefaultAuth] map[name:ExpirationCheck]] decorators:[map[name:DefaultDecorator]]]]
2019-01-09 00:15:27.075 CST [gossip/gossip] NewGossipService -> INFO 085[0m Creating gossip service with self membership of {peer0.org1.qklszzn.com:7051 [] [180 232 171 226 199 211 46 87 129 168 72 186 127 55 87 211 79 250 132 130 132 3 194 110 31 123 131 216 240 63 25 244] peer0.org1.qklszzn.com:7051 <nil> <nil>}
[36m2019-01-09 00:15:27.076 CST [gossip/discovery] periodicalSendAlive -> DEBU 086[0m Sleeping 5s
[36m2019-01-09 00:15:27.076 CST [ccprovider] NewCCContext -> DEBU 087[0m NewCCCC(chain=,chaincode=cscc,version=1.2.1,txid=c011639f-c38a-4e54-96c7-686748cfbac2,syscc=true,proposal=0x0,canname=cscc:1.2.1)
[36m2019-01-09 00:15:27.076 CST [chaincode] func1 -> DEBU 088[0m chaincode cscc:1.2.1 is being launched
[36m2019-01-09 00:15:27.076 CST [chaincode] LaunchConfig -> DEBU 089[0m launchConfig: executable:"chaincode",Args:[chaincode,-peer.address=peer0.org1.qklszzn.com:7052],Envs:[CORE_CHAINCODE_LOGGING_LEVEL=info,CORE_CHAINCODE_LOGGING_SHIM=warning,CORE_CHAINCODE_LOGGING_FORMAT=%{color}%{time:2006-01-02 15:04:05.000 MST} [%{module}] %{shortfunc} -> %{level:.4s} %{id:03x}%{color:reset} %{message},CORE_CHAINCODE_ID_NAME=cscc:1.2.1,CORE_PEER_TLS_ENABLED=false],Files:[]
[36m2019-01-09 00:15:27.076 CST [chaincode] Start -> DEBU 08a[0m start container: cscc:1.2.1
[36m2019-01-09 00:15:27.076 CST [chaincode] Start -> DEBU 08b[0m start container with args: chaincode -peer.address=peer0.org1.qklszzn.com:7052
[36m2019-01-09 00:15:27.076 CST [chaincode] Start -> DEBU 08c[0m start container with env:
	CORE_CHAINCODE_LOGGING_LEVEL=info
	CORE_CHAINCODE_LOGGING_SHIM=warning
	CORE_CHAINCODE_LOGGING_FORMAT=%{color}%{time:2006-01-02 15:04:05.000 MST} [%{module}] %{shortfunc} -> %{level:.4s} %{id:03x}%{color:reset} %{message}
	CORE_CHAINCODE_ID_NAME=cscc:1.2.1
	CORE_PEER_TLS_ENABLED=false
[36m2019-01-09 00:15:27.076 CST [container] lockContainer -> DEBU 08d[0m waiting for container(cscc-1.2.1) lock
[36m2019-01-09 00:15:27.076 CST [container] lockContainer -> DEBU 08e[0m got container (cscc-1.2.1) lock
[36m2019-01-09 00:15:27.076 CST [inproccontroller] getInstance -> DEBU 08f[0m chaincode instance created for cscc-1.2.1
[36m2019-01-09 00:15:27.076 CST [container] unlockContainer -> DEBU 090[0m container lock deleted(cscc-1.2.1)
[36m2019-01-09 00:15:27.076 CST [inproccontroller] func2 -> DEBU 091[0m chaincode-support started for  cscc-1.2.1
[36m2019-01-09 00:15:27.076 CST [chaincode] HandleChaincodeStream -> DEBU 092[0m Current context deadline = 0001-01-01 00:00:00 +0000 UTC, ok = false
2019-01-09 00:15:27.076 CST [gossip/gossip] start -> INFO 093[0m Gossip instance peer0.org1.qklszzn.com:7051 started
[36m2019-01-09 00:15:27.076 CST [gossip/discovery] Connect -> DEBU 094[0m Skipping connecting to myself
[36m2019-01-09 00:15:27.076 CST [gossip/discovery] periodicalReconnectToDead -> DEBU 095[0m Sleeping 25s
[36m2019-01-09 00:15:27.076 CST [gossip/gossip] syncDiscovery -> DEBU 097[0m Entering discovery sync with interval 4s
[36m2019-01-09 00:15:27.076 CST [inproccontroller] func1 -> DEBU 096[0m chaincode started for cscc-1.2.1
[36m2019-01-09 00:15:27.076 CST [shim] StartInProc -> DEBU 098[0m in proc [chaincode -peer.address=peer0.org1.qklszzn.com:7052]
[36m2019-01-09 00:15:27.076 CST [shim] StartInProc -> DEBU 099[0m starting chat with peer using name=cscc:1.2.1
[36m2019-01-09 00:15:27.077 CST [shim] chatWithPeer -> DEBU 09a[0m Registering.. sending REGISTER
[36m2019-01-09 00:15:27.077 CST [chaincode] handleMessage -> DEBU 09b[0m [] Fabric side handling ChaincodeMessage of type: REGISTER in state created
[36m2019-01-09 00:15:27.077 CST [chaincode] HandleRegister -> DEBU 09c[0m Received REGISTER in state created
[36m2019-01-09 00:15:27.077 CST [chaincode] Register -> DEBU 09d[0m registered handler complete for chaincode cscc:1.2.1
[36m2019-01-09 00:15:27.077 CST [chaincode] HandleRegister -> DEBU 09e[0m Got REGISTER for chaincodeID = name:"cscc:1.2.1" , sending back REGISTERED
[36m2019-01-09 00:15:27.077 CST [chaincode] HandleRegister -> DEBU 09f[0m Changed state to established for name:"cscc:1.2.1" 
[36m2019-01-09 00:15:27.077 CST [chaincode] sendReady -> DEBU 0a0[0m sending READY for chaincode name:"cscc:1.2.1" 
[36m2019-01-09 00:15:27.077 CST [shim] func1 -> DEBU 0a1[0m []Received message REGISTERED from peer
[36m2019-01-09 00:15:27.077 CST [shim] handleMessage -> DEBU 0a2[0m [] Handling ChaincodeMessage of type: REGISTERED(state:created)
[36m2019-01-09 00:15:27.077 CST [shim] func1 -> DEBU 0a3[0m []Received message READY from peer
[36m2019-01-09 00:15:27.077 CST [shim] handleMessage -> DEBU 0a4[0m [] Handling ChaincodeMessage of type: READY(state:established)
[36m2019-01-09 00:15:27.077 CST [chaincode] sendReady -> DEBU 0a5[0m Changed to state ready for chaincode name:"cscc:1.2.1" 
[36m2019-01-09 00:15:27.077 CST [chaincode] Launch -> DEBU 0a6[0m launch complete
[36m2019-01-09 00:15:27.077 CST [chaincode] execute -> DEBU 0a7[0m canonical name: cscc:1.2.1
[36m2019-01-09 00:15:27.077 CST [chaincode] Execute -> DEBU 0a8[0m Entry
[36m2019-01-09 00:15:27.077 CST [shim] func1 -> DEBU 0a9[0m [c011639f]Received message INIT from peer
[36m2019-01-09 00:15:27.077 CST [shim] handleMessage -> DEBU 0aa[0m [c011639f] Handling ChaincodeMessage of type: INIT(state:ready)
[36m2019-01-09 00:15:27.077 CST [shim] handleReady -> DEBU 0ab[0m [c011639f] Received INIT, initializing chaincode
2019-01-09 00:15:27.077 CST [cscc] Init -> INFO 0ac[0m Init CSCC
[36m2019-01-09 00:15:27.077 CST [shim] func1 -> DEBU 0ad[0m [c011639f] Init get response status: 200
[36m2019-01-09 00:15:27.077 CST [shim] func1 -> DEBU 0ae[0m [c011639f] Init succeeded. Sending COMPLETED
[36m2019-01-09 00:15:27.077 CST [shim] triggerNextState -> DEBU 0af[0m [c011639f] send state message COMPLETED
[36m2019-01-09 00:15:27.077 CST [chaincode] handleMessage -> DEBU 0b0[0m [c011639f] Fabric side handling ChaincodeMessage of type: COMPLETED in state ready
[36m2019-01-09 00:15:27.077 CST [chaincode] Notify -> DEBU 0b1[0m [c011639f] notifying Txid:c011639f-c38a-4e54-96c7-686748cfbac2, channelID:
[36m2019-01-09 00:15:27.077 CST [chaincode] Execute -> DEBU 0b2[0m Exit
2019-01-09 00:15:27.077 CST [sccapi] deploySysCC -> INFO 0b3[0m system chaincode cscc/(github.com/hyperledger/fabric/core/scc/cscc) deployed
[36m2019-01-09 00:15:27.077 CST [ccprovider] NewCCContext -> DEBU 0b4[0m NewCCCC(chain=,chaincode=lscc,version=1.2.1,txid=3525d5a9-f97c-4e62-a82a-25234d829abd,syscc=true,proposal=0x0,canname=lscc:1.2.1)
[36m2019-01-09 00:15:27.077 CST [chaincode] func1 -> DEBU 0b5[0m chaincode lscc:1.2.1 is being launched
[36m2019-01-09 00:15:27.077 CST [chaincode] LaunchConfig -> DEBU 0b6[0m launchConfig: executable:"chaincode",Args:[chaincode,-peer.address=peer0.org1.qklszzn.com:7052],Envs:[CORE_CHAINCODE_LOGGING_LEVEL=info,CORE_CHAINCODE_LOGGING_SHIM=warning,CORE_CHAINCODE_LOGGING_FORMAT=%{color}%{time:2006-01-02 15:04:05.000 MST} [%{module}] %{shortfunc} -> %{level:.4s} %{id:03x}%{color:reset} %{message},CORE_CHAINCODE_ID_NAME=lscc:1.2.1,CORE_PEER_TLS_ENABLED=false],Files:[]
[36m2019-01-09 00:15:27.077 CST [chaincode] Start -> DEBU 0b7[0m start container: lscc:1.2.1
[36m2019-01-09 00:15:27.077 CST [chaincode] Start -> DEBU 0b8[0m start container with args: chaincode -peer.address=peer0.org1.qklszzn.com:7052
[36m2019-01-09 00:15:27.077 CST [chaincode] Start -> DEBU 0b9[0m start container with env:
	CORE_CHAINCODE_LOGGING_LEVEL=info
	CORE_CHAINCODE_LOGGING_SHIM=warning
	CORE_CHAINCODE_LOGGING_FORMAT=%{color}%{time:2006-01-02 15:04:05.000 MST} [%{module}] %{shortfunc} -> %{level:.4s} %{id:03x}%{color:reset} %{message}
	CORE_CHAINCODE_ID_NAME=lscc:1.2.1
	CORE_PEER_TLS_ENABLED=false
[36m2019-01-09 00:15:27.077 CST [container] lockContainer -> DEBU 0ba[0m waiting for container(lscc-1.2.1) lock
[36m2019-01-09 00:15:27.077 CST [container] lockContainer -> DEBU 0bb[0m got container (lscc-1.2.1) lock
[36m2019-01-09 00:15:27.077 CST [inproccontroller] getInstance -> DEBU 0bc[0m chaincode instance created for lscc-1.2.1
[36m2019-01-09 00:15:27.077 CST [container] unlockContainer -> DEBU 0bd[0m container lock deleted(lscc-1.2.1)
[36m2019-01-09 00:15:27.077 CST [inproccontroller] func2 -> DEBU 0be[0m chaincode-support started for  lscc-1.2.1
[36m2019-01-09 00:15:27.077 CST [chaincode] HandleChaincodeStream -> DEBU 0bf[0m Current context deadline = 0001-01-01 00:00:00 +0000 UTC, ok = false
[36m2019-01-09 00:15:27.077 CST [inproccontroller] func1 -> DEBU 0c0[0m chaincode started for lscc-1.2.1
[36m2019-01-09 00:15:27.077 CST [shim] StartInProc -> DEBU 0c1[0m in proc [chaincode -peer.address=peer0.org1.qklszzn.com:7052]
[36m2019-01-09 00:15:27.077 CST [shim] StartInProc -> DEBU 0c2[0m starting chat with peer using name=lscc:1.2.1
[36m2019-01-09 00:15:27.077 CST [shim] chatWithPeer -> DEBU 0c3[0m Registering.. sending REGISTER
[36m2019-01-09 00:15:27.077 CST [chaincode] handleMessage -> DEBU 0c4[0m [] Fabric side handling ChaincodeMessage of type: REGISTER in state created
[36m2019-01-09 00:15:27.077 CST [chaincode] HandleRegister -> DEBU 0c5[0m Received REGISTER in state created
[36m2019-01-09 00:15:27.077 CST [chaincode] Register -> DEBU 0c6[0m registered handler complete for chaincode lscc:1.2.1
[36m2019-01-09 00:15:27.077 CST [chaincode] HandleRegister -> DEBU 0c7[0m Got REGISTER for chaincodeID = name:"lscc:1.2.1" , sending back REGISTERED
[36m2019-01-09 00:15:27.078 CST [chaincode] HandleRegister -> DEBU 0c8[0m Changed state to established for name:"lscc:1.2.1" 
[36m2019-01-09 00:15:27.078 CST [chaincode] sendReady -> DEBU 0c9[0m sending READY for chaincode name:"lscc:1.2.1" 
[36m2019-01-09 00:15:27.078 CST [shim] func1 -> DEBU 0ca[0m []Received message REGISTERED from peer
[36m2019-01-09 00:15:27.078 CST [shim] handleMessage -> DEBU 0cb[0m [] Handling ChaincodeMessage of type: REGISTERED(state:created)
[36m2019-01-09 00:15:27.078 CST [shim] func1 -> DEBU 0cc[0m []Received message READY from peer
[36m2019-01-09 00:15:27.078 CST [shim] handleMessage -> DEBU 0cd[0m [] Handling ChaincodeMessage of type: READY(state:established)
[36m2019-01-09 00:15:27.078 CST [chaincode] sendReady -> DEBU 0ce[0m Changed to state ready for chaincode name:"lscc:1.2.1" 
[36m2019-01-09 00:15:27.078 CST [chaincode] Launch -> DEBU 0cf[0m launch complete
[36m2019-01-09 00:15:27.078 CST [chaincode] execute -> DEBU 0d0[0m canonical name: lscc:1.2.1
[36m2019-01-09 00:15:27.078 CST [chaincode] Execute -> DEBU 0d1[0m Entry
[36m2019-01-09 00:15:27.078 CST [shim] func1 -> DEBU 0d2[0m [3525d5a9]Received message INIT from peer
[36m2019-01-09 00:15:27.078 CST [shim] handleMessage -> DEBU 0d3[0m [3525d5a9] Handling ChaincodeMessage of type: INIT(state:ready)
[36m2019-01-09 00:15:27.078 CST [shim] handleReady -> DEBU 0d4[0m [3525d5a9] Received INIT, initializing chaincode
[36m2019-01-09 00:15:27.078 CST [shim] func1 -> DEBU 0d5[0m [3525d5a9] Init get response status: 200
[36m2019-01-09 00:15:27.078 CST [shim] func1 -> DEBU 0d6[0m [3525d5a9] Init succeeded. Sending COMPLETED
[36m2019-01-09 00:15:27.078 CST [shim] triggerNextState -> DEBU 0d7[0m [3525d5a9] send state message COMPLETED
[36m2019-01-09 00:15:27.078 CST [chaincode] handleMessage -> DEBU 0d8[0m [3525d5a9] Fabric side handling ChaincodeMessage of type: COMPLETED in state ready
[36m2019-01-09 00:15:27.078 CST [chaincode] Notify -> DEBU 0d9[0m [3525d5a9] notifying Txid:3525d5a9-f97c-4e62-a82a-25234d829abd, channelID:
[36m2019-01-09 00:15:27.078 CST [chaincode] Execute -> DEBU 0da[0m Exit
2019-01-09 00:15:27.078 CST [sccapi] deploySysCC -> INFO 0db[0m system chaincode lscc/(github.com/hyperledger/fabric/core/scc/lscc) deployed
[36m2019-01-09 00:15:27.078 CST [ccprovider] NewCCContext -> DEBU 0dc[0m NewCCCC(chain=,chaincode=qscc,version=1.2.1,txid=ff9922ff-8a12-4e70-b367-4e01eb812921,syscc=true,proposal=0x0,canname=qscc:1.2.1)
[36m2019-01-09 00:15:27.078 CST [chaincode] func1 -> DEBU 0dd[0m chaincode qscc:1.2.1 is being launched
[36m2019-01-09 00:15:27.078 CST [chaincode] LaunchConfig -> DEBU 0de[0m launchConfig: executable:"chaincode",Args:[chaincode,-peer.address=peer0.org1.qklszzn.com:7052],Envs:[CORE_CHAINCODE_LOGGING_LEVEL=info,CORE_CHAINCODE_LOGGING_SHIM=warning,CORE_CHAINCODE_LOGGING_FORMAT=%{color}%{time:2006-01-02 15:04:05.000 MST} [%{module}] %{shortfunc} -> %{level:.4s} %{id:03x}%{color:reset} %{message},CORE_CHAINCODE_ID_NAME=qscc:1.2.1,CORE_PEER_TLS_ENABLED=false],Files:[]
[36m2019-01-09 00:15:27.078 CST [chaincode] Start -> DEBU 0df[0m start container: qscc:1.2.1
[36m2019-01-09 00:15:27.078 CST [chaincode] Start -> DEBU 0e0[0m start container with args: chaincode -peer.address=peer0.org1.qklszzn.com:7052
[36m2019-01-09 00:15:27.078 CST [chaincode] Start -> DEBU 0e1[0m start container with env:
	CORE_CHAINCODE_LOGGING_LEVEL=info
	CORE_CHAINCODE_LOGGING_SHIM=warning
	CORE_CHAINCODE_LOGGING_FORMAT=%{color}%{time:2006-01-02 15:04:05.000 MST} [%{module}] %{shortfunc} -> %{level:.4s} %{id:03x}%{color:reset} %{message}
	CORE_CHAINCODE_ID_NAME=qscc:1.2.1
	CORE_PEER_TLS_ENABLED=false
[36m2019-01-09 00:15:27.078 CST [container] lockContainer -> DEBU 0e2[0m waiting for container(qscc-1.2.1) lock
[36m2019-01-09 00:15:27.078 CST [container] lockContainer -> DEBU 0e3[0m got container (qscc-1.2.1) lock
[36m2019-01-09 00:15:27.078 CST [inproccontroller] getInstance -> DEBU 0e4[0m chaincode instance created for qscc-1.2.1
[36m2019-01-09 00:15:27.078 CST [container] unlockContainer -> DEBU 0e5[0m container lock deleted(qscc-1.2.1)
[36m2019-01-09 00:15:27.078 CST [inproccontroller] func2 -> DEBU 0e6[0m chaincode-support started for  qscc-1.2.1
[36m2019-01-09 00:15:27.078 CST [chaincode] HandleChaincodeStream -> DEBU 0e8[0m Current context deadline = 0001-01-01 00:00:00 +0000 UTC, ok = false
[36m2019-01-09 00:15:27.078 CST [inproccontroller] func1 -> DEBU 0e7[0m chaincode started for qscc-1.2.1
[36m2019-01-09 00:15:27.078 CST [shim] StartInProc -> DEBU 0e9[0m in proc [chaincode -peer.address=peer0.org1.qklszzn.com:7052]
[36m2019-01-09 00:15:27.078 CST [shim] StartInProc -> DEBU 0ea[0m starting chat with peer using name=qscc:1.2.1
[36m2019-01-09 00:15:27.078 CST [shim] chatWithPeer -> DEBU 0eb[0m Registering.. sending REGISTER
[36m2019-01-09 00:15:27.078 CST [chaincode] handleMessage -> DEBU 0ec[0m [] Fabric side handling ChaincodeMessage of type: REGISTER in state created
[36m2019-01-09 00:15:27.078 CST [chaincode] HandleRegister -> DEBU 0ed[0m Received REGISTER in state created
[36m2019-01-09 00:15:27.078 CST [chaincode] Register -> DEBU 0ee[0m registered handler complete for chaincode qscc:1.2.1
[36m2019-01-09 00:15:27.078 CST [chaincode] HandleRegister -> DEBU 0ef[0m Got REGISTER for chaincodeID = name:"qscc:1.2.1" , sending back REGISTERED
[36m2019-01-09 00:15:27.078 CST [chaincode] HandleRegister -> DEBU 0f0[0m Changed state to established for name:"qscc:1.2.1" 
[36m2019-01-09 00:15:27.078 CST [chaincode] sendReady -> DEBU 0f1[0m sending READY for chaincode name:"qscc:1.2.1" 
[36m2019-01-09 00:15:27.078 CST [shim] func1 -> DEBU 0f2[0m []Received message REGISTERED from peer
[36m2019-01-09 00:15:27.078 CST [shim] handleMessage -> DEBU 0f3[0m [] Handling ChaincodeMessage of type: REGISTERED(state:created)
[36m2019-01-09 00:15:27.078 CST [shim] func1 -> DEBU 0f4[0m []Received message READY from peer
[36m2019-01-09 00:15:27.078 CST [shim] handleMessage -> DEBU 0f5[0m [] Handling ChaincodeMessage of type: READY(state:established)
[36m2019-01-09 00:15:27.078 CST [chaincode] sendReady -> DEBU 0f6[0m Changed to state ready for chaincode name:"qscc:1.2.1" 
[36m2019-01-09 00:15:27.078 CST [chaincode] Launch -> DEBU 0f7[0m launch complete
[36m2019-01-09 00:15:27.078 CST [chaincode] execute -> DEBU 0f8[0m canonical name: qscc:1.2.1
[36m2019-01-09 00:15:27.078 CST [chaincode] Execute -> DEBU 0f9[0m Entry
[36m2019-01-09 00:15:27.078 CST [shim] func1 -> DEBU 0fa[0m [ff9922ff]Received message INIT from peer
[36m2019-01-09 00:15:27.078 CST [shim] handleMessage -> DEBU 0fb[0m [ff9922ff] Handling ChaincodeMessage of type: INIT(state:ready)
[36m2019-01-09 00:15:27.078 CST [shim] handleReady -> DEBU 0fc[0m [ff9922ff] Received INIT, initializing chaincode
2019-01-09 00:15:27.078 CST [qscc] Init -> INFO 0fd[0m Init QSCC
[36m2019-01-09 00:15:27.078 CST [shim] func1 -> DEBU 0fe[0m [ff9922ff] Init get response status: 200
[36m2019-01-09 00:15:27.078 CST [shim] func1 -> DEBU 0ff[0m [ff9922ff] Init succeeded. Sending COMPLETED
[36m2019-01-09 00:15:27.078 CST [shim] triggerNextState -> DEBU 100[0m [ff9922ff] send state message COMPLETED
[36m2019-01-09 00:15:27.078 CST [chaincode] handleMessage -> DEBU 101[0m [ff9922ff] Fabric side handling ChaincodeMessage of type: COMPLETED in state ready
[36m2019-01-09 00:15:27.078 CST [chaincode] Notify -> DEBU 102[0m [ff9922ff] notifying Txid:ff9922ff-8a12-4e70-b367-4e01eb812921, channelID:
[36m2019-01-09 00:15:27.078 CST [chaincode] Execute -> DEBU 103[0m Exit
2019-01-09 00:15:27.078 CST [sccapi] deploySysCC -> INFO 104[0m system chaincode qscc/(github.com/hyperledger/fabric/core/scc/qscc) deployed
2019-01-09 00:15:27.078 CST [nodeCmd] serve -> INFO 105[0m Deployed system chaincodes
[36m2019-01-09 00:15:27.078 CST [discovery/lifecycle] InstalledCCs -> DEBU 106[0m Returning []
2019-01-09 00:15:27.079 CST [discovery] NewService -> INFO 107[0m Created with config TLS: false, authCacheMaxSize: 1000, authCachePurgeRatio: 0.750000
2019-01-09 00:15:27.079 CST [nodeCmd] registerDiscoveryService -> INFO 108[0m Discovery service activated
2019-01-09 00:15:27.079 CST [nodeCmd] serve -> INFO 109[0m Starting peer with ID=[name:"peer0.org1.qklszzn.com" ], network ID=[dev], address=[peer0.org1.qklszzn.com:7051]
2019-01-09 00:15:27.079 CST [nodeCmd] serve -> INFO 10a[0m Started peer with ID=[name:"peer0.org1.qklszzn.com" ], network ID=[dev], address=[peer0.org1.qklszzn.com:7051]
[36m2019-01-09 00:15:32.078 CST [gossip/discovery] periodicalSendAlive -> DEBU 10b[0m Sleeping 5s
[36m2019-01-09 00:15:37.080 CST [gossip/discovery] periodicalSendAlive -> DEBU 10c[0m Sleeping 5s
[36m2019-01-09 00:15:42.082 CST [gossip/discovery] periodicalSendAlive -> DEBU 10d[0m Sleeping 5s
[36m2019-01-09 00:15:47.084 CST [gossip/discovery] periodicalSendAlive -> DEBU 10e[0m Sleeping 5s
[36m2019-01-09 00:15:52.079 CST [gossip/discovery] periodicalReconnectToDead -> DEBU 10f[0m Sleeping 25s
[36m2019-01-09 00:15:52.085 CST [gossip/discovery] periodicalSendAlive -> DEBU 110[0m Sleeping 5s
[36m2019-01-09 00:15:57.088 CST [gossip/discovery] periodicalSendAlive -> DEBU 111[0m Sleeping 5s
[36m2019-01-09 00:16:02.090 CST [gossip/discovery] periodicalSendAlive -> DEBU 112[0m Sleeping 5s
[36m2019-01-09 00:16:07.093 CST [gossip/discovery] periodicalSendAlive -> DEBU 113[0m Sleeping 5s
[36m2019-01-09 00:16:12.095 CST [gossip/discovery] periodicalSendAlive -> DEBU 114[0m Sleeping 5s
[36m2019-01-09 00:16:17.082 CST [gossip/discovery] periodicalReconnectToDead -> DEBU 115[0m Sleeping 25s
[36m2019-01-09 00:16:17.097 CST [gossip/discovery] periodicalSendAlive -> DEBU 116[0m Sleeping 5s
[36m2019-01-09 00:16:22.099 CST [gossip/discovery] periodicalSendAlive -> DEBU 117[0m Sleeping 5s
[36m2019-01-09 00:16:27.101 CST [gossip/discovery] periodicalSendAlive -> DEBU 118[0m Sleeping 5s
[36m2019-01-09 00:16:32.103 CST [gossip/discovery] periodicalSendAlive -> DEBU 119[0m Sleeping 5s
[36m2019-01-09 00:16:37.106 CST [gossip/discovery] periodicalSendAlive -> DEBU 11a[0m Sleeping 5s
[36m2019-01-09 00:16:42.085 CST [gossip/discovery] periodicalReconnectToDead -> DEBU 11b[0m Sleeping 25s
[36m2019-01-09 00:16:42.109 CST [gossip/discovery] periodicalSendAlive -> DEBU 11c[0m Sleeping 5s
[36m2019-01-09 00:16:47.112 CST [gossip/discovery] periodicalSendAlive -> DEBU 11d[0m Sleeping 5s
[36m2019-01-09 00:16:52.115 CST [gossip/discovery] periodicalSendAlive -> DEBU 11e[0m Sleeping 5s
[36m2019-01-09 00:16:57.117 CST [gossip/discovery] periodicalSendAlive -> DEBU 11f[0m Sleeping 5s
[36m2019-01-09 00:17:02.119 CST [gossip/discovery] periodicalSendAlive -> DEBU 120[0m Sleeping 5s
[36m2019-01-09 00:17:07.089 CST [gossip/discovery] periodicalReconnectToDead -> DEBU 121[0m Sleeping 25s
[36m2019-01-09 00:17:07.121 CST [gossip/discovery] periodicalSendAlive -> DEBU 122[0m Sleeping 5s
[36m2019-01-09 00:17:12.124 CST [gossip/discovery] periodicalSendAlive -> DEBU 123[0m Sleeping 5s
[36m2019-01-09 00:17:17.128 CST [gossip/discovery] periodicalSendAlive -> DEBU 124[0m Sleeping 5s
[36m2019-01-09 00:17:22.129 CST [gossip/discovery] periodicalSendAlive -> DEBU 125[0m Sleeping 5s
[36m2019-01-09 00:17:27.131 CST [gossip/discovery] periodicalSendAlive -> DEBU 126[0m Sleeping 5s
[36m2019-01-09 00:17:32.091 CST [gossip/discovery] periodicalReconnectToDead -> DEBU 127[0m Sleeping 25s
[36m2019-01-09 00:17:32.133 CST [gossip/discovery] periodicalSendAlive -> DEBU 128[0m Sleeping 5s
[36m2019-01-09 00:17:37.135 CST [gossip/discovery] periodicalSendAlive -> DEBU 129[0m Sleeping 5s
[36m2019-01-09 00:17:42.137 CST [gossip/discovery] periodicalSendAlive -> DEBU 12a[0m Sleeping 5s
[36m2019-01-09 00:17:47.139 CST [gossip/discovery] periodicalSendAlive -> DEBU 12b[0m Sleeping 5s
[36m2019-01-09 00:17:52.141 CST [gossip/discovery] periodicalSendAlive -> DEBU 12c[0m Sleeping 5s
[36m2019-01-09 00:17:57.093 CST [gossip/discovery] periodicalReconnectToDead -> DEBU 12d[0m Sleeping 25s
[36m2019-01-09 00:17:57.143 CST [gossip/discovery] periodicalSendAlive -> DEBU 12e[0m Sleeping 5s
[36m2019-01-09 00:18:02.145 CST [gossip/discovery] periodicalSendAlive -> DEBU 12f[0m Sleeping 5s
[36m2019-01-09 00:18:07.147 CST [gossip/discovery] periodicalSendAlive -> DEBU 130[0m Sleeping 5s
[36m2019-01-09 00:18:12.150 CST [gossip/discovery] periodicalSendAlive -> DEBU 131[0m Sleeping 5s
[36m2019-01-09 00:18:17.153 CST [gossip/discovery] periodicalSendAlive -> DEBU 132[0m Sleeping 5s
[36m2019-01-09 00:18:22.097 CST [gossip/discovery] periodicalReconnectToDead -> DEBU 133[0m Sleeping 25s
[36m2019-01-09 00:18:22.156 CST [gossip/discovery] periodicalSendAlive -> DEBU 134[0m Sleeping 5s
[36m2019-01-09 00:18:27.159 CST [gossip/discovery] periodicalSendAlive -> DEBU 135[0m Sleeping 5s
[36m2019-01-09 00:18:32.163 CST [gossip/discovery] periodicalSendAlive -> DEBU 136[0m Sleeping 5s
[36m2019-01-09 00:18:37.164 CST [gossip/discovery] periodicalSendAlive -> DEBU 137[0m Sleeping 5s
[36m2019-01-09 00:18:42.166 CST [gossip/discovery] periodicalSendAlive -> DEBU 138[0m Sleeping 5s
[36m2019-01-09 00:18:47.101 CST [gossip/discovery] periodicalReconnectToDead -> DEBU 139[0m Sleeping 25s
[36m2019-01-09 00:18:47.168 CST [gossip/discovery] periodicalSendAlive -> DEBU 13a[0m Sleeping 5s
[36m2019-01-09 00:18:52.171 CST [gossip/discovery] periodicalSendAlive -> DEBU 13b[0m Sleeping 5s
[36m2019-01-09 00:18:57.174 CST [gossip/discovery] periodicalSendAlive -> DEBU 13c[0m Sleeping 5s
[36m2019-01-09 00:19:02.176 CST [gossip/discovery] periodicalSendAlive -> DEBU 13d[0m Sleeping 5s
[36m2019-01-09 00:19:07.178 CST [gossip/discovery] periodicalSendAlive -> DEBU 13e[0m Sleeping 5s
[36m2019-01-09 00:19:12.107 CST [gossip/discovery] periodicalReconnectToDead -> DEBU 13f[0m Sleeping 25s
[36m2019-01-09 00:19:12.180 CST [gossip/discovery] periodicalSendAlive -> DEBU 140[0m Sleeping 5s
[36m2019-01-09 00:19:17.183 CST [gossip/discovery] periodicalSendAlive -> DEBU 141[0m Sleeping 5s
[36m2019-01-09 00:19:22.186 CST [gossip/discovery] periodicalSendAlive -> DEBU 142[0m Sleeping 5s
[36m2019-01-09 00:19:27.188 CST [gossip/discovery] periodicalSendAlive -> DEBU 143[0m Sleeping 5s
[36m2019-01-09 00:19:32.191 CST [gossip/discovery] periodicalSendAlive -> DEBU 144[0m Sleeping 5s
[36m2019-01-09 00:19:37.110 CST [gossip/discovery] periodicalReconnectToDead -> DEBU 145[0m Sleeping 25s
[36m2019-01-09 00:19:37.194 CST [gossip/discovery] periodicalSendAlive -> DEBU 146[0m Sleeping 5s
[36m2019-01-09 00:19:42.196 CST [gossip/discovery] periodicalSendAlive -> DEBU 147[0m Sleeping 5s
[36m2019-01-09 00:19:47.198 CST [gossip/discovery] periodicalSendAlive -> DEBU 148[0m Sleeping 5s
[36m2019-01-09 00:19:52.200 CST [gossip/discovery] periodicalSendAlive -> DEBU 149[0m Sleeping 5s
[36m2019-01-09 00:19:57.206 CST [gossip/discovery] periodicalSendAlive -> DEBU 14a[0m Sleeping 5s
[36m2019-01-09 00:20:02.113 CST [gossip/discovery] periodicalReconnectToDead -> DEBU 14b[0m Sleeping 25s
[36m2019-01-09 00:20:02.208 CST [gossip/discovery] periodicalSendAlive -> DEBU 14c[0m Sleeping 5s
[36m2019-01-09 00:20:07.211 CST [gossip/discovery] periodicalSendAlive -> DEBU 14d[0m Sleeping 5s
[36m2019-01-09 00:20:12.214 CST [gossip/discovery] periodicalSendAlive -> DEBU 14e[0m Sleeping 5s
[36m2019-01-09 00:20:17.217 CST [gossip/discovery] periodicalSendAlive -> DEBU 14f[0m Sleeping 5s
[36m2019-01-09 00:20:22.222 CST [gossip/discovery] periodicalSendAlive -> DEBU 150[0m Sleeping 5s
[36m2019-01-09 00:20:27.117 CST [gossip/discovery] periodicalReconnectToDead -> DEBU 151[0m Sleeping 25s
[36m2019-01-09 00:20:27.224 CST [gossip/discovery] periodicalSendAlive -> DEBU 152[0m Sleeping 5s
[36m2019-01-09 00:20:32.226 CST [gossip/discovery] periodicalSendAlive -> DEBU 153[0m Sleeping 5s
[36m2019-01-09 00:20:37.229 CST [gossip/discovery] periodicalSendAlive -> DEBU 154[0m Sleeping 5s
[36m2019-01-09 00:20:42.231 CST [gossip/discovery] periodicalSendAlive -> DEBU 155[0m Sleeping 5s
[36m2019-01-09 00:20:47.233 CST [gossip/discovery] periodicalSendAlive -> DEBU 156[0m Sleeping 5s
[36m2019-01-09 00:20:52.120 CST [gossip/discovery] periodicalReconnectToDead -> DEBU 157[0m Sleeping 25s
[36m2019-01-09 00:20:52.235 CST [gossip/discovery] periodicalSendAlive -> DEBU 158[0m Sleeping 5s
[36m2019-01-09 00:20:57.237 CST [gossip/discovery] periodicalSendAlive -> DEBU 159[0m Sleeping 5s
[36m2019-01-09 00:21:02.239 CST [gossip/discovery] periodicalSendAlive -> DEBU 15a[0m Sleeping 5s
[36m2019-01-09 00:21:07.240 CST [gossip/discovery] periodicalSendAlive -> DEBU 15b[0m Sleeping 5s
[36m2019-01-09 00:21:12.241 CST [gossip/discovery] periodicalSendAlive -> DEBU 15c[0m Sleeping 5s
[36m2019-01-09 00:21:17.122 CST [gossip/discovery] periodicalReconnectToDead -> DEBU 15d[0m Sleeping 25s
[36m2019-01-09 00:21:17.242 CST [gossip/discovery] periodicalSendAlive -> DEBU 15e[0m Sleeping 5s
[36m2019-01-09 00:21:22.242 CST [gossip/discovery] periodicalSendAlive -> DEBU 15f[0m Sleeping 5s
[36m2019-01-09 00:21:27.246 CST [gossip/discovery] periodicalSendAlive -> DEBU 160[0m Sleeping 5s
[36m2019-01-09 00:21:32.248 CST [gossip/discovery] periodicalSendAlive -> DEBU 161[0m Sleeping 5s
[36m2019-01-09 00:21:37.251 CST [gossip/discovery] periodicalSendAlive -> DEBU 162[0m Sleeping 5s
[36m2019-01-09 00:21:42.144 CST [gossip/discovery] periodicalReconnectToDead -> DEBU 163[0m Sleeping 25s
[36m2019-01-09 00:21:42.254 CST [gossip/discovery] periodicalSendAlive -> DEBU 164[0m Sleeping 5s
[36m2019-01-09 00:21:47.256 CST [gossip/discovery] periodicalSendAlive -> DEBU 165[0m Sleeping 5s
[36m2019-01-09 00:21:52.259 CST [gossip/discovery] periodicalSendAlive -> DEBU 166[0m Sleeping 5s
[36m2019-01-09 00:21:57.265 CST [gossip/discovery] periodicalSendAlive -> DEBU 167[0m Sleeping 5s
[36m2019-01-09 00:22:02.268 CST [gossip/discovery] periodicalSendAlive -> DEBU 168[0m Sleeping 5s
[36m2019-01-09 00:22:07.147 CST [gossip/discovery] periodicalReconnectToDead -> DEBU 169[0m Sleeping 25s
[36m2019-01-09 00:22:07.270 CST [gossip/discovery] periodicalSendAlive -> DEBU 16a[0m Sleeping 5s
[36m2019-01-09 00:22:12.273 CST [gossip/discovery] periodicalSendAlive -> DEBU 16b[0m Sleeping 5s
[36m2019-01-09 00:22:17.275 CST [gossip/discovery] periodicalSendAlive -> DEBU 16c[0m Sleeping 5s
[36m2019-01-09 00:22:22.278 CST [gossip/discovery] periodicalSendAlive -> DEBU 16d[0m Sleeping 5s
[36m2019-01-09 00:22:27.280 CST [gossip/discovery] periodicalSendAlive -> DEBU 16e[0m Sleeping 5s
[36m2019-01-09 00:22:32.154 CST [gossip/discovery] periodicalReconnectToDead -> DEBU 16f[0m Sleeping 25s
[36m2019-01-09 00:22:32.282 CST [gossip/discovery] periodicalSendAlive -> DEBU 170[0m Sleeping 5s
[36m2019-01-09 00:22:37.285 CST [gossip/discovery] periodicalSendAlive -> DEBU 171[0m Sleeping 5s
[36m2019-01-09 00:22:42.287 CST [gossip/discovery] periodicalSendAlive -> DEBU 172[0m Sleeping 5s
[36m2019-01-09 00:22:47.290 CST [gossip/discovery] periodicalSendAlive -> DEBU 173[0m Sleeping 5s
[36m2019-01-09 00:22:52.295 CST [gossip/discovery] periodicalSendAlive -> DEBU 174[0m Sleeping 5s
[36m2019-01-09 00:22:57.158 CST [gossip/discovery] periodicalReconnectToDead -> DEBU 175[0m Sleeping 25s
[36m2019-01-09 00:22:57.296 CST [gossip/discovery] periodicalSendAlive -> DEBU 176[0m Sleeping 5s
[36m2019-01-09 00:23:02.299 CST [gossip/discovery] periodicalSendAlive -> DEBU 177[0m Sleeping 5s
[36m2019-01-09 00:23:07.301 CST [gossip/discovery] periodicalSendAlive -> DEBU 178[0m Sleeping 5s
[36m2019-01-09 00:23:12.303 CST [gossip/discovery] periodicalSendAlive -> DEBU 179[0m Sleeping 5s
[36m2019-01-09 00:23:17.305 CST [gossip/discovery] periodicalSendAlive -> DEBU 17a[0m Sleeping 5s
[36m2019-01-09 00:23:22.160 CST [gossip/discovery] periodicalReconnectToDead -> DEBU 17b[0m Sleeping 25s
[36m2019-01-09 00:23:22.311 CST [gossip/discovery] periodicalSendAlive -> DEBU 17c[0m Sleeping 5s
[36m2019-01-09 00:23:27.317 CST [gossip/discovery] periodicalSendAlive -> DEBU 17d[0m Sleeping 5s
[36m2019-01-09 00:23:32.357 CST [gossip/discovery] periodicalSendAlive -> DEBU 17e[0m Sleeping 5s
[36m2019-01-09 00:23:37.365 CST [gossip/discovery] periodicalSendAlive -> DEBU 17f[0m Sleeping 5s
[36m2019-01-09 00:23:42.370 CST [gossip/discovery] periodicalSendAlive -> DEBU 180[0m Sleeping 5s
[36m2019-01-09 00:23:47.179 CST [gossip/discovery] periodicalReconnectToDead -> DEBU 181[0m Sleeping 25s
[36m2019-01-09 00:23:47.371 CST [gossip/discovery] periodicalSendAlive -> DEBU 182[0m Sleeping 5s
[36m2019-01-09 00:23:52.372 CST [gossip/discovery] periodicalSendAlive -> DEBU 183[0m Sleeping 5s
[36m2019-01-09 00:23:57.374 CST [gossip/discovery] periodicalSendAlive -> DEBU 184[0m Sleeping 5s
[36m2019-01-09 00:24:02.376 CST [gossip/discovery] periodicalSendAlive -> DEBU 185[0m Sleeping 5s
[36m2019-01-09 00:24:07.377 CST [gossip/discovery] periodicalSendAlive -> DEBU 186[0m Sleeping 5s
[36m2019-01-09 00:24:12.182 CST [gossip/discovery] periodicalReconnectToDead -> DEBU 187[0m Sleeping 25s
[36m2019-01-09 00:24:12.379 CST [gossip/discovery] periodicalSendAlive -> DEBU 188[0m Sleeping 5s
[36m2019-01-09 00:24:17.381 CST [gossip/discovery] periodicalSendAlive -> DEBU 189[0m Sleeping 5s
[36m2019-01-09 00:24:22.382 CST [gossip/discovery] periodicalSendAlive -> DEBU 18a[0m Sleeping 5s
